#
# There is insufficient memory for the Java Runtime Environment to continue.
# Native memory allocation (malloc) failed to allocate 968496 bytes for Chunk::new
# Possible reasons:
#   The system is out of physical RAM or swap space
#   The process is running with CompressedOops enabled, and the Java Heap may be blocking the growth of the native heap
# Possible solutions:
#   Reduce memory load on the system
#   Increase physical memory or swap space
#   Check if swap backing store is full
#   Decrease Java heap size (-Xmx/-Xms)
#   Decrease number of Java threads
#   Decrease Java thread stack sizes (-Xss)
#   Set larger code cache with -XX:ReservedCodeCacheSize=
#   JVM is running with Unscaled Compressed Oops mode in which the Java heap is
#     placed in the first 4GB address space. The Java Heap base address is the
#     maximum limit for the native heap growth. Please use -XX:HeapBaseMinAddress
#     to set the Java Heap base and to place the Java Heap above 4GB virtual address.
# This output file may be truncated or incomplete.
#
#  Out of Memory Error (allocation.cpp:389), pid=12584, tid=0x0000000000001aa4
#
# JRE version: OpenJDK Runtime Environment (8.0_202-b03) (build 1.8.0_202-release-1483-b03)
# Java VM: OpenJDK 64-Bit Server VM (25.202-b03 mixed mode windows-amd64 compressed oops)
# Failed to write core dump. Minidumps are not enabled by default on client versions of Windows
#

---------------  T H R E A D  ---------------

Current thread (0x000000001624e000):  JavaThread "C2 CompilerThread1" daemon [_thread_in_native, id=6820, stack(0x00000000179c0000,0x0000000017ac0000)]

Stack: [0x00000000179c0000,0x0000000017ac0000]
[error occurred during error reporting (printing stack bounds), id 0xc0000005]

Native frames: (J=compiled Java code, j=interpreted, Vv=VM code, C=native code)


Current CompileTask:
C2: 230327 20942       4       com.android.tools.r8.ir.analysis.type.TypeAnalysis::a (231 bytes)


---------------  P R O C E S S  ---------------

Java Threads: ( => current thread )
  0x000000001c21f000 JavaThread "Cache worker for Java compile cache (C:\Users\pmuny\AndroidStudioProjects\Wikipedia\.gradle\5.4.1\javaCompile)" [_thread_blocked, id=12556, stack(0x0000000028a40000,0x0000000028b40000)]
  0x000000001c21c000 JavaThread "Cache worker for Java compile cache (C:\Users\pmuny\.gradle\caches\5.4.1\javaCompile)" [_thread_blocked, id=5064, stack(0x0000000028940000,0x0000000028a40000)]
  0x000000001c21e800 JavaThread "RMI TCP Connection(idle)" daemon [_thread_blocked, id=6712, stack(0x0000000027870000,0x0000000027970000)]
  0x000000001c21b800 JavaThread "RMI Reaper" [_thread_blocked, id=15788, stack(0x0000000027770000,0x0000000027870000)]
  0x000000001c21d000 JavaThread "RMI TCP Accept-0" daemon [_thread_in_native, id=3700, stack(0x0000000027670000,0x0000000027770000)]
  0x000000001b823000 JavaThread "GC Daemon" daemon [_thread_blocked, id=14700, stack(0x0000000027570000,0x0000000027670000)]
  0x00000000187ce800 JavaThread "RMI Scheduler(0)" daemon [_thread_blocked, id=12076, stack(0x0000000027370000,0x0000000027470000)]
  0x000000001b829000 JavaThread "stdout" [_thread_in_native, id=10556, stack(0x0000000027170000,0x0000000027270000)]
  0x000000001b82c800 JavaThread "stderr" [_thread_in_native, id=13140, stack(0x0000000027070000,0x0000000027170000)]
  0x000000001b828000 JavaThread "stdout" [_thread_in_native, id=17116, stack(0x0000000026f70000,0x0000000027070000)]
  0x000000001b827800 JavaThread "stderr" [_thread_in_native, id=15524, stack(0x0000000026e70000,0x0000000026f70000)]
  0x000000001b829800 JavaThread "stdout" [_thread_in_native, id=10776, stack(0x0000000026d70000,0x0000000026e70000)]
  0x000000001b82e800 JavaThread "stderr" [_thread_in_native, id=2784, stack(0x0000000026c70000,0x0000000026d70000)]
  0x000000001b82c000 JavaThread "stdout" [_thread_in_native, id=8520, stack(0x0000000026b70000,0x0000000026c70000)]
  0x000000001b82d800 JavaThread "stderr" [_thread_in_native, id=15300, stack(0x0000000026a70000,0x0000000026b70000)]
  0x000000001b820000 JavaThread "WorkerExecutor Queue Thread 4" [_thread_blocked, id=12464, stack(0x0000000026970000,0x0000000026a70000)]
  0x000000001b826800 JavaThread "WorkerExecutor Queue Thread 3" [_thread_in_native, id=10296, stack(0x0000000026870000,0x0000000026970000)]
  0x000000001b821800 JavaThread "pool-5-thread-1" [_thread_blocked, id=6440, stack(0x0000000026770000,0x0000000026870000)]
  0x000000001b820800 JavaThread "WorkerExecutor Queue Thread 2" [_thread_blocked, id=11212, stack(0x0000000026670000,0x0000000026770000)]
  0x000000001b81f000 JavaThread "WorkerExecutor Queue" [_thread_blocked, id=10516, stack(0x0000000026570000,0x0000000026670000)]
  0x000000001b823800 JavaThread "Cache worker for execution history cache (C:\Users\pmuny\AndroidStudioProjects\Wikipedia\.gradle\5.4.1\executionHistory)" [_thread_blocked, id=17136, stack(0x0000000026470000,0x0000000026570000)]
  0x000000001b824800 JavaThread "Execution worker for ':' Thread 3" [_thread_in_native, id=1544, stack(0x0000000026370000,0x0000000026470000)]
  0x00000000187cd000 JavaThread "Execution worker for ':' Thread 2" [_thread_in_native, id=9792, stack(0x0000000026270000,0x0000000026370000)]
  0x00000000187d3800 JavaThread "Execution worker for ':'" [_thread_blocked, id=4760, stack(0x0000000026170000,0x0000000026270000)]
  0x00000000187d0800 JavaThread "Cache worker for file content cache (C:\Users\pmuny\AndroidStudioProjects\Wikipedia\.gradle\5.4.1\fileContent)" [_thread_blocked, id=16900, stack(0x0000000026070000,0x0000000026170000)]
  0x00000000187cc000 JavaThread "Cache worker for file content cache (C:\Users\pmuny\.gradle\caches\5.4.1\fileContent)" [_thread_blocked, id=17268, stack(0x0000000025f70000,0x0000000026070000)]
  0x00000000187d1800 JavaThread "Cache worker for Build Output Cleanup Cache (C:\Users\pmuny\AndroidStudioProjects\Wikipedia\.gradle\buildOutputCleanup)" [_thread_blocked, id=9376, stack(0x0000000025e70000,0x0000000025f70000)]
  0x00000000187d3000 JavaThread "Build operations Thread 4" [_thread_blocked, id=32, stack(0x0000000025d70000,0x0000000025e70000)]
  0x00000000187d0000 JavaThread "Build operations Thread 3" [_thread_blocked, id=15540, stack(0x0000000025c70000,0x0000000025d70000)]
  0x00000000187cf000 JavaThread "Build operations Thread 2" [_thread_blocked, id=17372, stack(0x0000000025b70000,0x0000000025c70000)]
  0x00000000187c4800 JavaThread "Build operations" [_thread_blocked, id=15648, stack(0x0000000025a70000,0x0000000025b70000)]
  0x00000000187cb800 JavaThread "Cache worker for cache directory md-rule (C:\Users\pmuny\.gradle\caches\5.4.1\md-rule)" [_thread_blocked, id=10292, stack(0x0000000025970000,0x0000000025a70000)]
  0x00000000187c6800 JavaThread "Cache worker for cache directory md-supplier (C:\Users\pmuny\.gradle\caches\5.4.1\md-supplier)" [_thread_blocked, id=13056, stack(0x0000000025870000,0x0000000025970000)]
  0x00000000187c6000 JavaThread "Cache worker for file hash cache (C:\Users\pmuny\AndroidStudioProjects\Wikipedia\.gradle\5.4.1\fileHashes)" [_thread_blocked, id=12544, stack(0x0000000025770000,0x0000000025870000)]
  0x00000000187ca800 JavaThread "Thread-42" [_thread_blocked, id=16892, stack(0x0000000025670000,0x0000000025770000)]
  0x0000000018753000 JavaThread "Asynchronous log dispatcher for DefaultDaemonConnection: socket connection from /127.0.0.1:49497 to /127.0.0.1:49526" [_thread_blocked, id=10864, stack(0x0000000025470000,0x0000000025570000)]
  0x0000000018750800 JavaThread "Cancel handler" [_thread_blocked, id=8544, stack(0x0000000025370000,0x0000000025470000)]
  0x000000001874f800 JavaThread "Handler for socket connection from /127.0.0.1:49497 to /127.0.0.1:49526" [_thread_in_native, id=14900, stack(0x0000000025270000,0x0000000025370000)]
  0x00000000187c5000 JavaThread "Memory manager" [_thread_blocked, id=5700, stack(0x0000000021e60000,0x0000000021f60000)]
  0x0000000018751800 JavaThread "Cache worker for execution history cache (C:\Users\pmuny\.gradle\caches\5.4.1\executionHistory)" [_thread_blocked, id=14444, stack(0x000000001f090000,0x000000001f190000)]
  0x0000000018754800 JavaThread "Cache worker for journal cache (C:\Users\pmuny\.gradle\caches\journal-1)" [_thread_blocked, id=7860, stack(0x000000001b010000,0x000000001b110000)]
  0x0000000018753800 JavaThread "File lock request listener" [_thread_in_native, id=1852, stack(0x000000001ad10000,0x000000001ae10000)]
  0x00000000196ed000 JavaThread "Cache worker for file hash cache (C:\Users\pmuny\.gradle\caches\5.4.1\fileHashes)" [_thread_blocked, id=12344, stack(0x000000001ac10000,0x000000001ad10000)]
  0x00000000193dc000 JavaThread "Daemon worker" [_thread_in_Java, id=16140, stack(0x000000001a810000,0x000000001a910000)]
  0x000000001830e800 JavaThread "Daemon" [_thread_blocked, id=13712, stack(0x000000001a310000,0x000000001a410000)]
  0x0000000017dd2800 JavaThread "Daemon periodic checks" [_thread_blocked, id=3052, stack(0x000000001a210000,0x000000001a310000)]
  0x00000000183f7800 JavaThread "Incoming local TCP Connector on port 49497" [_thread_in_native, id=14156, stack(0x0000000019fd0000,0x000000001a0d0000)]
  0x000000001919f800 JavaThread "Daemon health stats" [_thread_blocked, id=15044, stack(0x0000000019990000,0x0000000019a90000)]
  0x0000000017be8800 JavaThread "Service Thread" daemon [_thread_blocked, id=13808, stack(0x0000000017fc0000,0x00000000180c0000)]
  0x0000000016259000 JavaThread "C1 CompilerThread2" daemon [_thread_blocked, id=8412, stack(0x0000000017ac0000,0x0000000017bc0000)]
=>0x000000001624e000 JavaThread "C2 CompilerThread1" daemon [_thread_in_native, id=6820, stack(0x00000000179c0000,0x0000000017ac0000)]
  0x000000001624a000 JavaThread "C2 CompilerThread0" daemon [_thread_in_native, id=2768, stack(0x00000000178c0000,0x00000000179c0000)]
  0x0000000016257800 JavaThread "Attach Listener" daemon [_thread_blocked, id=8608, stack(0x00000000177c0000,0x00000000178c0000)]
  0x0000000016256800 JavaThread "Signal Dispatcher" daemon [_thread_blocked, id=12136, stack(0x00000000176c0000,0x00000000177c0000)]
  0x00000000028dc800 JavaThread "Finalizer" daemon [_thread_blocked, id=15384, stack(0x00000000174c0000,0x00000000175c0000)]
  0x0000000016239000 JavaThread "Reference Handler" daemon [_thread_blocked, id=16036, stack(0x00000000173c0000,0x00000000174c0000)]
  0x000000000267e000 JavaThread "main" [_thread_blocked, id=11324, stack(0x00000000026e0000,0x00000000027e0000)]

Other Threads:
  0x0000000016216000 VMThread [stack: 0x00000000172c0000,0x00000000173c0000] [id=13176]
  0x00000000162ae000 WatcherThread [stack: 0x00000000180c0000,0x00000000181c0000] [id=16832]

VM state:not at safepoint (normal execution)

VM Mutex/Monitor currently owned by a thread: None

heap address: 0x00000000a0000000, size: 1536 MB, Compressed Oops mode: 32-bit
Narrow klass base: 0x0000000000000000, Narrow klass shift: 3
Compressed class space size: 1073741824 Address: 0x0000000100000000

Heap:
 PSYoungGen      total 404992K, used 354156K [0x00000000e0000000, 0x00000000fe000000, 0x0000000100000000)
  eden space 378368K, 91% used [0x00000000e0000000,0x00000000f53cd248,0x00000000f7180000)
  from space 26624K, 23% used [0x00000000f7180000,0x00000000f778df58,0x00000000f8b80000)
  to   space 25600K, 0% used [0x00000000fc700000,0x00000000fc700000,0x00000000fe000000)
 ParOldGen       total 168960K, used 120194K [0x00000000a0000000, 0x00000000aa500000, 0x00000000e0000000)
  object space 168960K, 71% used [0x00000000a0000000,0x00000000a7560ae8,0x00000000aa500000)
 Metaspace       used 99471K, capacity 103704K, committed 103936K, reserved 1140736K
  class space    used 12732K, capacity 13519K, committed 13568K, reserved 1048576K

Card table byte_map: [0x0000000011ca0000,0x0000000011fb0000] byte_map_base: 0x00000000117a0000

Marking Bits: (ParMarkBitMap*) 0x000000006bcd9f30
 Begin Bits: [0x00000000125b0000, 0x0000000013db0000)
 End Bits:   [0x0000000013db0000, 0x00000000155b0000)

Polling page: 0x0000000000fd0000

CodeCache: size=245760Kb used=63262Kb max_used=63262Kb free=182497Kb
 bounds [0x00000000028e0000, 0x0000000006730000, 0x00000000118e0000]
 total_blobs=18321 nmethods=17410 adapters=822
 compilation: enabled

Compilation events (10 events):
Event: 229.990 Thread 0x0000000016259000 21098       1       com.android.tools.r8.graph.DexValue$DexValueInt::a (1 bytes)
Event: 229.990 Thread 0x0000000016259000 nmethod 21098 0x0000000005915a10 code [0x0000000005915b60, 0x0000000005915c70]
Event: 229.991 Thread 0x0000000016259000 21099       2       com.android.tools.r8.code.E::a (1 bytes)
Event: 229.991 Thread 0x0000000016259000 nmethod 21099 0x00000000048116d0 code [0x0000000004811820, 0x0000000004811970]
Event: 229.996 Thread 0x0000000016259000 21100 %     3       com.android.tools.r8.graph.j::<init> @ 250 (290 bytes)
Event: 229.998 Thread 0x0000000016259000 nmethod 21100% 0x0000000004fb6310 code [0x0000000004fb6660, 0x0000000004fb7fb8]
Event: 229.998 Thread 0x0000000016259000 21101       2       com.android.tools.r8.code.l0::a (16 bytes)
Event: 229.999 Thread 0x0000000016259000 nmethod 21101 0x0000000004b0d550 code [0x0000000004b0d6c0, 0x0000000004b0d878]
Event: 230.002 Thread 0x0000000016259000 21102       2       sun.security.provider.SHA::implDigest (96 bytes)
Event: 230.003 Thread 0x0000000016259000 nmethod 21102 0x000000000362ded0 code [0x000000000362e060, 0x000000000362e308]

GC Heap History (10 events):
Event: 224.648 GC heap before
{Heap before GC invocations=43 (full 4):
 PSYoungGen      total 312320K, used 289536K [0x00000000e0000000, 0x00000000f5180000, 0x0000000100000000)
  eden space 285184K, 100% used [0x00000000e0000000,0x00000000f1680000,0x00000000f1680000)
  from space 27136K, 16% used [0x00000000f3700000,0x00000000f3b40338,0x00000000f5180000)
  to   space 30208K, 0% used [0x00000000f1680000,0x00000000f1680000,0x00000000f3400000)
 ParOldGen       total 168960K, used 89792K [0x00000000a0000000, 0x00000000aa500000, 0x00000000e0000000)
  object space 168960K, 53% used [0x00000000a0000000,0x00000000a57b02b0,0x00000000aa500000)
 Metaspace       used 99286K, capacity 103536K, committed 103680K, reserved 1138688K
  class space    used 12727K, capacity 13515K, committed 13568K, reserved 1048576K
Event: 224.662 GC heap after
Heap after GC invocations=43 (full 4):
 PSYoungGen      total 315392K, used 2752K [0x00000000e0000000, 0x00000000f7b00000, 0x0000000100000000)
  eden space 285184K, 0% used [0x00000000e0000000,0x00000000e0000000,0x00000000f1680000)
  from space 30208K, 9% used [0x00000000f1680000,0x00000000f1930000,0x00000000f3400000)
  to   space 29696K, 0% used [0x00000000f5e00000,0x00000000f5e00000,0x00000000f7b00000)
 ParOldGen       total 168960K, used 92149K [0x00000000a0000000, 0x00000000aa500000, 0x00000000e0000000)
  object space 168960K, 54% used [0x00000000a0000000,0x00000000a59fd678,0x00000000aa500000)
 Metaspace       used 99286K, capacity 103536K, committed 103680K, reserved 1138688K
  class space    used 12727K, capacity 13515K, committed 13568K, reserved 1048576K
}
Event: 226.729 GC heap before
{Heap before GC invocations=44 (full 4):
 PSYoungGen      total 315392K, used 287936K [0x00000000e0000000, 0x00000000f7b00000, 0x0000000100000000)
  eden space 285184K, 100% used [0x00000000e0000000,0x00000000f1680000,0x00000000f1680000)
  from space 30208K, 9% used [0x00000000f1680000,0x00000000f1930000,0x00000000f3400000)
  to   space 29696K, 0% used [0x00000000f5e00000,0x00000000f5e00000,0x00000000f7b00000)
 ParOldGen       total 168960K, used 92149K [0x00000000a0000000, 0x00000000aa500000, 0x00000000e0000000)
  object space 168960K, 54% used [0x00000000a0000000,0x00000000a59fd678,0x00000000aa500000)
 Metaspace       used 99380K, capacity 103626K, committed 103680K, reserved 1138688K
  class space    used 12729K, capacity 13518K, committed 13568K, reserved 1048576K
Event: 226.750 GC heap after
Heap after GC invocations=44 (full 4):
 PSYoungGen      total 355328K, used 7372K [0x00000000e0000000, 0x00000000f7880000, 0x0000000100000000)
  eden space 328192K, 0% used [0x00000000e0000000,0x00000000e0000000,0x00000000f4080000)
  from space 27136K, 27% used [0x00000000f5e00000,0x00000000f65333b0,0x00000000f7880000)
  to   space 28672K, 0% used [0x00000000f4080000,0x00000000f4080000,0x00000000f5c80000)
 ParOldGen       total 168960K, used 94269K [0x00000000a0000000, 0x00000000aa500000, 0x00000000e0000000)
  object space 168960K, 55% used [0x00000000a0000000,0x00000000a5c0f688,0x00000000aa500000)
 Metaspace       used 99380K, capacity 103626K, committed 103680K, reserved 1138688K
  class space    used 12729K, capacity 13518K, committed 13568K, reserved 1048576K
}
Event: 227.623 GC heap before
{Heap before GC invocations=45 (full 4):
 PSYoungGen      total 355328K, used 335564K [0x00000000e0000000, 0x00000000f7880000, 0x0000000100000000)
  eden space 328192K, 100% used [0x00000000e0000000,0x00000000f4080000,0x00000000f4080000)
  from space 27136K, 27% used [0x00000000f5e00000,0x00000000f65333b0,0x00000000f7880000)
  to   space 28672K, 0% used [0x00000000f4080000,0x00000000f4080000,0x00000000f5c80000)
 ParOldGen       total 168960K, used 94269K [0x00000000a0000000, 0x00000000aa500000, 0x00000000e0000000)
  object space 168960K, 55% used [0x00000000a0000000,0x00000000a5c0f688,0x00000000aa500000)
 Metaspace       used 99393K, capacity 103630K, committed 103680K, reserved 1138688K
  class space    used 12729K, capacity 13518K, committed 13568K, reserved 1048576K
Event: 227.651 GC heap after
Heap after GC invocations=45 (full 4):
 PSYoungGen      total 356864K, used 13112K [0x00000000e0000000, 0x00000000fa680000, 0x0000000100000000)
  eden space 328192K, 0% used [0x00000000e0000000,0x00000000e0000000,0x00000000f4080000)
  from space 28672K, 45% used [0x00000000f4080000,0x00000000f4d4e120,0x00000000f5c80000)
  to   space 27648K, 0% used [0x00000000f8b80000,0x00000000f8b80000,0x00000000fa680000)
 ParOldGen       total 168960K, used 99833K [0x00000000a0000000, 0x00000000aa500000, 0x00000000e0000000)
  object space 168960K, 59% used [0x00000000a0000000,0x00000000a617e588,0x00000000aa500000)
 Metaspace       used 99393K, capacity 103630K, committed 103680K, reserved 1138688K
  class space    used 12729K, capacity 13518K, committed 13568K, reserved 1048576K
}
Event: 228.515 GC heap before
{Heap before GC invocations=46 (full 4):
 PSYoungGen      total 356864K, used 341304K [0x00000000e0000000, 0x00000000fa680000, 0x0000000100000000)
  eden space 328192K, 100% used [0x00000000e0000000,0x00000000f4080000,0x00000000f4080000)
  from space 28672K, 45% used [0x00000000f4080000,0x00000000f4d4e120,0x00000000f5c80000)
  to   space 27648K, 0% used [0x00000000f8b80000,0x00000000f8b80000,0x00000000fa680000)
 ParOldGen       total 168960K, used 99833K [0x00000000a0000000, 0x00000000aa500000, 0x00000000e0000000)
  object space 168960K, 59% used [0x00000000a0000000,0x00000000a617e588,0x00000000aa500000)
 Metaspace       used 99418K, capacity 103694K, committed 103936K, reserved 1140736K
  class space    used 12731K, capacity 13518K, committed 13568K, reserved 1048576K
Event: 228.543 GC heap after
Heap after GC invocations=46 (full 4):
 PSYoungGen      total 406016K, used 11905K [0x00000000e0000000, 0x00000000fa800000, 0x0000000100000000)
  eden space 378368K, 0% used [0x00000000e0000000,0x00000000e0000000,0x00000000f7180000)
  from space 27648K, 43% used [0x00000000f8b80000,0x00000000f9720630,0x00000000fa680000)
  to   space 26624K, 0% used [0x00000000f7180000,0x00000000f7180000,0x00000000f8b80000)
 ParOldGen       total 168960K, used 109332K [0x00000000a0000000, 0x00000000aa500000, 0x00000000e0000000)
  object space 168960K, 64% used [0x00000000a0000000,0x00000000a6ac52a8,0x00000000aa500000)
 Metaspace       used 99418K, capacity 103694K, committed 103936K, reserved 1140736K
  class space    used 12731K, capacity 13518K, committed 13568K, reserved 1048576K
}
Event: 229.626 GC heap before
{Heap before GC invocations=47 (full 4):
 PSYoungGen      total 406016K, used 390273K [0x00000000e0000000, 0x00000000fa800000, 0x0000000100000000)
  eden space 378368K, 100% used [0x00000000e0000000,0x00000000f7180000,0x00000000f7180000)
  from space 27648K, 43% used [0x00000000f8b80000,0x00000000f9720630,0x00000000fa680000)
  to   space 26624K, 0% used [0x00000000f7180000,0x00000000f7180000,0x00000000f8b80000)
 ParOldGen       total 168960K, used 109332K [0x00000000a0000000, 0x00000000aa500000, 0x00000000e0000000)
  object space 168960K, 64% used [0x00000000a0000000,0x00000000a6ac52a8,0x00000000aa500000)
 Metaspace       used 99444K, capacity 103704K, committed 103936K, reserved 1140736K
  class space    used 12732K, capacity 13519K, committed 13568K, reserved 1048576K
Event: 229.658 GC heap after
Heap after GC invocations=47 (full 4):
 PSYoungGen      total 404992K, used 6199K [0x00000000e0000000, 0x00000000fe000000, 0x0000000100000000)
  eden space 378368K, 0% used [0x00000000e0000000,0x00000000e0000000,0x00000000f7180000)
  from space 26624K, 23% used [0x00000000f7180000,0x00000000f778df58,0x00000000f8b80000)
  to   space 25600K, 0% used [0x00000000fc700000,0x00000000fc700000,0x00000000fe000000)
 ParOldGen       total 168960K, used 120194K [0x00000000a0000000, 0x00000000aa500000, 0x00000000e0000000)
  object space 168960K, 71% used [0x00000000a0000000,0x00000000a7560ae8,0x00000000aa500000)
 Metaspace       used 99444K, capacity 103704K, committed 103936K, reserved 1140736K
  class space    used 12732K, capacity 13519K, committed 13568K, reserved 1048576K
}

Deoptimization events (10 events):
Event: 227.582 Thread 0x00000000193dc000 Uncommon trap: reason=unstable_if action=reinterpret pc=0x0000000005ea6534 method=com.android.tools.r8.utils.t.a(I)Z @ 45
Event: 227.583 Thread 0x00000000193dc000 Uncommon trap: reason=unstable_if action=reinterpret pc=0x0000000005dd4f98 method=com.android.tools.r8.utils.t.a(I)Z @ 45
Event: 227.673 Thread 0x00000000187cd000 Uncommon trap: reason=unstable_if action=reinterpret pc=0x00000000064c9e74 method=com.android.tools.r8.ir.regalloc.LinearScanRegisterAllocator.a(Lcom/android/tools/r8/ir/regalloc/LinearScanRegisterAllocator$a;Z)Lcom/android/tools/r8/ir/regalloc/LinearScan
Event: 227.849 Thread 0x00000000193dc000 Uncommon trap: reason=unstable_if action=reinterpret pc=0x00000000063a4054 method=com.android.tools.r8.ir.conversion.X.c(I)Lcom/android/tools/r8/graph/DebugLocalInfo; @ 51
Event: 228.379 Thread 0x00000000187cd000 Uncommon trap: reason=unstable_if action=reinterpret pc=0x000000000657fd54 method=org.objectweb.asm.ByteVector.putUTF8(Ljava/lang/String;)Lorg/objectweb/asm/ByteVector; @ 91
Event: 228.383 Thread 0x00000000187cd000 Uncommon trap: reason=unstable_if action=reinterpret pc=0x00000000051f1270 method=org.objectweb.asm.ByteVector.putUTF8(Ljava/lang/String;)Lorg/objectweb/asm/ByteVector; @ 91
Event: 228.385 Thread 0x00000000187cd000 Uncommon trap: reason=unstable_if action=reinterpret pc=0x000000000668d894 method=org.objectweb.asm.ClassReader.readCode(Lorg/objectweb/asm/MethodVisitor;Lorg/objectweb/asm/Context;I)V @ 851
Event: 228.810 Thread 0x00000000187cd000 Uncommon trap: reason=unstable_if action=reinterpret pc=0x0000000002e207d0 method=com.android.tools.r8.graph.DexString.slowCompareTo(Lcom/android/tools/r8/graph/DexString;)I @ 57
Event: 229.258 Thread 0x00000000193dc000 Uncommon trap: reason=class_check action=maybe_recompile pc=0x00000000061cc778 method=com.android.tools.r8.ir.analysis.g.e.b(Lcom/android/tools/r8/ir/code/Instruction;)V @ 241
Event: 229.719 Thread 0x00000000193dc000 Uncommon trap: reason=class_check action=maybe_recompile pc=0x00000000061cc778 method=com.android.tools.r8.ir.analysis.g.e.b(Lcom/android/tools/r8/ir/code/Instruction;)V @ 241

Classes redefined (0 events):
No events

Internal exceptions (10 events):
Event: 229.262 Thread 0x00000000187cd000 Exception <a 'sun/nio/fs/WindowsException'> (0x00000000ef57a8c0) thrown at [D:\src\AOSP-openjdk-cygwin\jdk8u\hotspot\src\share\vm\prims\jni.cpp, line 710]
Event: 229.332 Thread 0x000000001b824800 Exception <a 'sun/nio/fs/WindowsException'> (0x00000000ede62918) thrown at [D:\src\AOSP-openjdk-cygwin\jdk8u\hotspot\src\share\vm\prims\jni.cpp, line 710]
Event: 229.341 Thread 0x000000001b824800 Exception <a 'sun/nio/fs/WindowsException'> (0x00000000edfd3270) thrown at [D:\src\AOSP-openjdk-cygwin\jdk8u\hotspot\src\share\vm\prims\jni.cpp, line 710]
Event: 229.347 Thread 0x00000000187cd000 Exception <a 'sun/nio/fs/WindowsException'> (0x00000000f04f47f0) thrown at [D:\src\AOSP-openjdk-cygwin\jdk8u\hotspot\src\share\vm\prims\jni.cpp, line 710]
Event: 229.389 Thread 0x00000000187cd000 Exception <a 'sun/nio/fs/WindowsException'> (0x00000000f170e520) thrown at [D:\src\AOSP-openjdk-cygwin\jdk8u\hotspot\src\share\vm\prims\jni.cpp, line 710]
Event: 229.433 Thread 0x000000001b824800 Exception <a 'sun/nio/fs/WindowsException'> (0x00000000f18c8a08) thrown at [D:\src\AOSP-openjdk-cygwin\jdk8u\hotspot\src\share\vm\prims\jni.cpp, line 710]
Event: 229.445 Thread 0x000000001b824800 Exception <a 'sun/nio/fs/WindowsException'> (0x00000000f2a32f98) thrown at [D:\src\AOSP-openjdk-cygwin\jdk8u\hotspot\src\share\vm\prims\jni.cpp, line 710]
Event: 229.454 Thread 0x00000000187cd000 Exception <a 'sun/nio/fs/WindowsException'> (0x00000000f265ecd8) thrown at [D:\src\AOSP-openjdk-cygwin\jdk8u\hotspot\src\share\vm\prims\jni.cpp, line 710]
Event: 229.813 Thread 0x000000001b824800 Exception <a 'sun/nio/fs/WindowsException'> (0x00000000e3afc208) thrown at [D:\src\AOSP-openjdk-cygwin\jdk8u\hotspot\src\share\vm\prims\jni.cpp, line 710]
Event: 230.013 Thread 0x00000000187cd000 Exception <a 'sun/nio/fs/WindowsException'> (0x00000000e8bd31c8) thrown at [D:\src\AOSP-openjdk-cygwin\jdk8u\hotspot\src\share\vm\prims\jni.cpp, line 710]

Events (10 events):
Event: 229.946 Thread 0x00000000193dc000 DEOPT PACKING pc=0x0000000005ef733a sp=0x000000001a9089b0
Event: 229.946 Thread 0x00000000193dc000 DEOPT UNPACKING pc=0x00000000029275d0 sp=0x000000001a9088f0 mode 0
Event: 229.959 Thread 0x00000000193dc000 DEOPT PACKING pc=0x0000000005b261a6 sp=0x000000001a908af0
Event: 229.959 Thread 0x00000000193dc000 DEOPT UNPACKING pc=0x00000000029275d0 sp=0x000000001a9088e0 mode 0
Event: 229.978 Thread 0x000000001b824800 DEOPT PACKING pc=0x0000000005b260ac sp=0x000000002646ad40
Event: 229.978 Thread 0x000000001b824800 DEOPT UNPACKING pc=0x00000000029275d0 sp=0x000000002646ab28 mode 0
Event: 229.983 Thread 0x000000001b824800 DEOPT PACKING pc=0x0000000005468c0d sp=0x000000002646a7d0
Event: 229.983 Thread 0x000000001b824800 DEOPT UNPACKING pc=0x00000000029275d0 sp=0x000000002646a5f8 mode 0
Event: 230.024 Thread 0x000000001b824800 DEOPT PACKING pc=0x0000000005370e04 sp=0x000000002646a980
Event: 230.024 Thread 0x000000001b824800 DEOPT UNPACKING pc=0x00000000029275d0 sp=0x000000002646a838 mode 0


Dynamic libraries:
0x00007ff7d9ff0000 - 0x00007ff7da021000 	C:\Program Files\Android\Android Studio\jre\bin\java.exe
0x00007ffc277d0000 - 0x00007ffc279bd000 	C:\WINDOWS\SYSTEM32\ntdll.dll
0x00007ffc24bd0000 - 0x00007ffc24c83000 	C:\WINDOWS\System32\KERNEL32.DLL
0x00007ffc24460000 - 0x00007ffc246f3000 	C:\WINDOWS\System32\KERNELBASE.dll
0x00007ffc27010000 - 0x00007ffc270b3000 	C:\WINDOWS\System32\ADVAPI32.dll
0x00007ffc24c90000 - 0x00007ffc24d2e000 	C:\WINDOWS\System32\msvcrt.dll
0x00007ffc252a0000 - 0x00007ffc2533e000 	C:\WINDOWS\System32\sechost.dll
0x00007ffc24ea0000 - 0x00007ffc24fc2000 	C:\WINDOWS\System32\RPCRT4.dll
0x00007ffc249d0000 - 0x00007ffc24b67000 	C:\WINDOWS\System32\USER32.dll
0x00007ffc242a0000 - 0x00007ffc242c0000 	C:\WINDOWS\System32\win32u.dll
0x00007ffc25260000 - 0x00007ffc25289000 	C:\WINDOWS\System32\GDI32.dll
0x00007ffc24700000 - 0x00007ffc24899000 	C:\WINDOWS\System32\gdi32full.dll
0x00007ffc242c0000 - 0x00007ffc24360000 	C:\WINDOWS\System32\msvcp_win.dll
0x00007ffc24360000 - 0x00007ffc2445a000 	C:\WINDOWS\System32\ucrtbase.dll
0x00007ffc12320000 - 0x00007ffc12599000 	C:\WINDOWS\WinSxS\amd64_microsoft.windows.common-controls_6595b64144ccf1df_6.0.17763.678_none_05b74150071d72bf\COMCTL32.dll
0x00007ffc26c80000 - 0x00007ffc26fac000 	C:\WINDOWS\System32\combase.dll
0x00007ffc248a0000 - 0x00007ffc2491e000 	C:\WINDOWS\System32\bcryptPrimitives.dll
0x00007ffc270c0000 - 0x00007ffc270ee000 	C:\WINDOWS\System32\IMM32.DLL
0x000000006b430000 - 0x000000006b502000 	C:\Program Files\Android\Android Studio\jre\jre\bin\msvcr100.dll
0x000000006b510000 - 0x000000006bd56000 	C:\Program Files\Android\Android Studio\jre\jre\bin\server\jvm.dll
0x00007ffc25290000 - 0x00007ffc25298000 	C:\WINDOWS\System32\PSAPI.DLL
0x00007ffc1f7e0000 - 0x00007ffc1f7e9000 	C:\WINDOWS\SYSTEM32\WSOCK32.dll
0x00007ffc1e760000 - 0x00007ffc1e76a000 	C:\WINDOWS\SYSTEM32\VERSION.dll
0x00007ffc21190000 - 0x00007ffc211b4000 	C:\WINDOWS\SYSTEM32\WINMM.dll
0x00007ffc26920000 - 0x00007ffc2698d000 	C:\WINDOWS\System32\WS2_32.dll
0x00007ffc21160000 - 0x00007ffc2118d000 	C:\WINDOWS\SYSTEM32\winmmbase.dll
0x00007ffc24010000 - 0x00007ffc2405a000 	C:\WINDOWS\System32\cfgmgr32.dll
0x00007ffc21690000 - 0x00007ffc2169f000 	C:\Program Files\Android\Android Studio\jre\jre\bin\verify.dll
0x00007ffc1aae0000 - 0x00007ffc1ab09000 	C:\Program Files\Android\Android Studio\jre\jre\bin\java.dll
0x00007ffc1c520000 - 0x00007ffc1c536000 	C:\Program Files\Android\Android Studio\jre\jre\bin\zip.dll
0x00007ffc25340000 - 0x00007ffc26830000 	C:\WINDOWS\System32\SHELL32.dll
0x00007ffc26bd0000 - 0x00007ffc26c78000 	C:\WINDOWS\System32\shcore.dll
0x00007ffc238c0000 - 0x00007ffc2400a000 	C:\WINDOWS\System32\windows.storage.dll
0x00007ffc23840000 - 0x00007ffc23864000 	C:\WINDOWS\System32\profapi.dll
0x00007ffc237a0000 - 0x00007ffc237fd000 	C:\WINDOWS\System32\powrprof.dll
0x00007ffc26af0000 - 0x00007ffc26b42000 	C:\WINDOWS\System32\shlwapi.dll
0x00007ffc23800000 - 0x00007ffc23811000 	C:\WINDOWS\System32\kernel.appcore.dll
0x00007ffc23870000 - 0x00007ffc23887000 	C:\WINDOWS\System32\cryptsp.dll
0x00007ffc1abe0000 - 0x00007ffc1abfa000 	C:\Program Files\Android\Android Studio\jre\jre\bin\net.dll
0x00007ffc22fb0000 - 0x00007ffc23017000 	C:\WINDOWS\system32\mswsock.dll
0x00007ffc1aac0000 - 0x00007ffc1aad1000 	C:\Program Files\Android\Android Studio\jre\jre\bin\nio.dll
0x00007ffc1a5b0000 - 0x00007ffc1a5d6000 	C:\Users\pmuny\.gradle\native\29\windows-amd64\native-platform.dll
0x00007ffc21490000 - 0x00007ffc2149d000 	C:\Program Files\Android\Android Studio\jre\jre\bin\management.dll
0x00007ffc22b30000 - 0x00007ffc22b63000 	C:\WINDOWS\system32\rsaenh.dll
0x00007ffc23890000 - 0x00007ffc238b6000 	C:\WINDOWS\System32\bcrypt.dll
0x00007ffc236d0000 - 0x00007ffc236f8000 	C:\WINDOWS\SYSTEM32\USERENV.dll
0x00007ffc23180000 - 0x00007ffc2318c000 	C:\WINDOWS\SYSTEM32\CRYPTBASE.dll
0x00007ffc22cd0000 - 0x00007ffc22d0d000 	C:\WINDOWS\SYSTEM32\IPHLPAPI.DLL
0x00007ffc25250000 - 0x00007ffc25258000 	C:\WINDOWS\System32\NSI.dll
0x00007ffc22150000 - 0x00007ffc22166000 	C:\WINDOWS\SYSTEM32\dhcpcsvc6.DLL
0x00007ffc22000000 - 0x00007ffc2201c000 	C:\WINDOWS\SYSTEM32\dhcpcsvc.DLL
0x00007ffc22d10000 - 0x00007ffc22dd6000 	C:\WINDOWS\SYSTEM32\DNSAPI.dll
0x00007ffc198c0000 - 0x00007ffc198de000 	C:\Users\pmuny\AppData\Local\Temp\native-platform8102400281409480819dir\native-platform.dll

VM Arguments:
jvm_args: -Xmx1536m -Dfile.encoding=windows-1252 -Duser.country=US -Duser.language=en -Duser.variant 
java_command: org.gradle.launcher.daemon.bootstrap.GradleDaemon 5.4.1
java_class_path (initial): C:\Users\pmuny\.gradle\wrapper\dists\gradle-5.4.1-all\3221gyojl5jsh0helicew7rwx\gradle-5.4.1\lib\gradle-launcher-5.4.1.jar
Launcher Type: SUN_STANDARD

Environment Variables:
PATH=C:\Program Files (x86)\Common Files\Oracle\Java\javapath;C:\Program Files (x86)\Intel\iCLS Client\;C:\Program Files\Intel\iCLS Client\;C:\ProgramData\Oracle\Java\javapath;C:\WINDOWS\system32;C:\WINDOWS;C:\WINDOWS\System32\Wbem;C:\WINDOWS\System32\WindowsPowerShell\v1.0\;C:\Program Files (x86)\Intel\Intel(R) Management Engine Components\DAL;C:\Program Files\Intel\Intel(R) Management Engine Components\DAL;C:\Program Files (x86)\Intel\Intel(R) Management Engine Components\IPT;C:\Program Files\Intel\Intel(R) Management Engine Components\IPT;C:\WINDOWS\System32\OpenSSH\;C:\Users\home\AppData\Local\Microsoft\WindowsApps;C:\adb;%SystemRoot%\system32;%SystemRoot%;%SystemRoot%\System32\Wbem;%SYSTEMROOT%\System32\WindowsPowerShell\v1.0\;%SYSTEMROOT%\System32\OpenSSH\;C:\Users\pmuny\AppData\Local\Microsoft\WindowsApps;C:\Users\pmuny\AppData\Local\Programs\Git\cmd;;C:\Users\pmuny\AppData\Local\Programs\Microsoft VS Code\bin
USERNAME=pmuny
OS=Windows_NT
PROCESSOR_IDENTIFIER=Intel64 Family 6 Model 78 Stepping 3, GenuineIntel



---------------  S Y S T E M  ---------------

OS: Windows 10.0 , 64 bit Build 17763 (10.0.17763.475)

CPU:total 4 (initial active 4) (2 cores per cpu, 2 threads per core) family 6 model 78 stepping 3, cmov, cx8, fxsr, mmx, sse, sse2, sse3, ssse3, sse4.1, sse4.2, popcnt, avx, avx2, aes, clmul, erms, 3dnowpref, lzcnt, ht, tsc, tscinvbit, bmi1, bmi2, adx

Memory: 4k page, physical 8283568k(1650352k free), swap 10236336k(18880k free)

vm_info: OpenJDK 64-Bit Server VM (25.202-b03) for windows-amd64 JRE (1.8.0_202-release-1483-b03), built by "builder" with MS VC++ 10.0 (VS2010)

time: Fri Aug 30 17:25:39 2019
timezone: E. Africa Standard Time
elapsed time: 230 seconds (0d 0h 3m 50s)

