#
# There is insufficient memory for the Java Runtime Environment to continue.
# Native memory allocation (malloc) failed to allocate 1804000 bytes for Chunk::new
# Possible reasons:
#   The system is out of physical RAM or swap space
#   The process is running with CompressedOops enabled, and the Java Heap may be blocking the growth of the native heap
# Possible solutions:
#   Reduce memory load on the system
#   Increase physical memory or swap space
#   Check if swap backing store is full
#   Decrease Java heap size (-Xmx/-Xms)
#   Decrease number of Java threads
#   Decrease Java thread stack sizes (-Xss)
#   Set larger code cache with -XX:ReservedCodeCacheSize=
#   JVM is running with Unscaled Compressed Oops mode in which the Java heap is
#     placed in the first 4GB address space. The Java Heap base address is the
#     maximum limit for the native heap growth. Please use -XX:HeapBaseMinAddress
#     to set the Java Heap base and to place the Java Heap above 4GB virtual address.
# This output file may be truncated or incomplete.
#
#  Out of Memory Error (allocation.cpp:389), pid=22636, tid=0x00000000000053d4
#
# JRE version: OpenJDK Runtime Environment (8.0_202-b03) (build 1.8.0_202-release-1483-b03)
# Java VM: OpenJDK 64-Bit Server VM (25.202-b03 mixed mode windows-amd64 compressed oops)
# Failed to write core dump. Minidumps are not enabled by default on client versions of Windows
#

---------------  T H R E A D  ---------------

Current thread (0x00000000177f1000):  JavaThread "C2 CompilerThread0" daemon [_thread_in_native, id=21460, stack(0x0000000018e60000,0x0000000018f60000)]

Stack: [0x0000000018e60000,0x0000000018f60000]
[error occurred during error reporting (printing stack bounds), id 0xc0000005]

Native frames: (J=compiled Java code, j=interpreted, Vv=VM code, C=native code)


Current CompileTask:
C2:   2793 1892   !   4       java.net.URLClassLoader$1::run (63 bytes)


---------------  P R O C E S S  ---------------

Java Threads: ( => current thread )
  0x000000001919a800 JavaThread "Service Thread" daemon [_thread_blocked, id=24200, stack(0x0000000019560000,0x0000000019660000)]
  0x00000000177f2000 JavaThread "C1 CompilerThread2" daemon [_thread_blocked, id=15692, stack(0x0000000019060000,0x0000000019160000)]
  0x00000000177e5000 JavaThread "C2 CompilerThread1" daemon [_thread_in_native, id=20924, stack(0x0000000018f60000,0x0000000019060000)]
=>0x00000000177f1000 JavaThread "C2 CompilerThread0" daemon [_thread_in_native, id=21460, stack(0x0000000018e60000,0x0000000018f60000)]
  0x00000000177ef800 JavaThread "Attach Listener" daemon [_thread_blocked, id=22080, stack(0x0000000018d60000,0x0000000018e60000)]
  0x00000000177ee800 JavaThread "Signal Dispatcher" daemon [_thread_blocked, id=21256, stack(0x0000000018c60000,0x0000000018d60000)]
  0x0000000002c8d800 JavaThread "Finalizer" daemon [_thread_blocked, id=25404, stack(0x0000000018a60000,0x0000000018b60000)]
  0x00000000177c9000 JavaThread "Reference Handler" daemon [_thread_blocked, id=20220, stack(0x0000000018960000,0x0000000018a60000)]
  0x0000000002b98800 JavaThread "main" [_thread_in_Java, id=13692, stack(0x0000000002990000,0x0000000002a90000)]

Other Threads:
  0x00000000177a6000 VMThread [stack: 0x0000000018860000,0x0000000018960000] [id=24392]
  0x000000001919d000 WatcherThread [stack: 0x0000000019660000,0x0000000019760000] [id=17652]

VM state:not at safepoint (normal execution)

VM Mutex/Monitor currently owned by a thread: None

heap address: 0x0000000081800000, size: 2024 MB, Compressed Oops mode: 32-bit
Narrow klass base: 0x0000000000000000, Narrow klass shift: 3
Compressed class space size: 1073741824 Address: 0x0000000100000000

Heap:
 PSYoungGen      total 71680K, used 65740K [0x00000000d5d80000, 0x00000000da880000, 0x0000000100000000)
  eden space 66560K, 98% used [0x00000000d5d80000,0x00000000d9db3168,0x00000000d9e80000)
  from space 5120K, 0% used [0x00000000d9e80000,0x00000000d9e80000,0x00000000da380000)
  to   space 5120K, 0% used [0x00000000da380000,0x00000000da380000,0x00000000da880000)
 ParOldGen       total 65536K, used 18352K [0x0000000081800000, 0x0000000085800000, 0x00000000d5d80000)
  object space 65536K, 28% used [0x0000000081800000,0x00000000829f5880,0x0000000085800000)
 Metaspace       used 29953K, capacity 30432K, committed 30720K, reserved 1075200K
  class space    used 3847K, capacity 3994K, committed 4096K, reserved 1048576K

Card table byte_map: [0x0000000012050000,0x0000000012450000] byte_map_base: 0x0000000011c44000

Marking Bits: (ParMarkBitMap*) 0x000000006bf29f30
 Begin Bits: [0x0000000012b00000, 0x0000000014aa0000)
 End Bits:   [0x0000000014aa0000, 0x0000000016a40000)

Polling page: 0x00000000007e0000

CodeCache: size=245760Kb used=6515Kb max_used=6515Kb free=239245Kb
 bounds [0x0000000002c90000, 0x0000000003300000, 0x0000000011c90000]
 total_blobs=2567 nmethods=2147 adapters=333
 compilation: enabled

Compilation events (10 events):
Event: 2.639 Thread 0x00000000177f2000 2116       3       java.lang.reflect.Proxy$Key1::equals (47 bytes)
Event: 2.639 Thread 0x00000000177f2000 nmethod 2116 0x00000000032d5810 code [0x00000000032d59a0, 0x00000000032d5ff0]
Event: 2.640 Thread 0x00000000177f2000 2117       3       java.lang.reflect.WeakCache$CacheKey::equals (46 bytes)
Event: 2.640 Thread 0x00000000177f2000 nmethod 2117 0x00000000032d6110 code [0x00000000032d6280, 0x00000000032d6870]
Event: 2.661 Thread 0x00000000177f2000 2118       3       java.util.LinkedHashMap$LinkedValueIterator::next (8 bytes)
Event: 2.662 Thread 0x00000000177f2000 nmethod 2118 0x00000000032d6950 code [0x00000000032d6ac0, 0x00000000032d6cc8]
Event: 2.668 Thread 0x00000000177f2000 2119       1       java.lang.reflect.Constructor::getSignature (5 bytes)
Event: 2.669 Thread 0x00000000177f2000 nmethod 2119 0x00000000032d6d90 code [0x00000000032d6ee0, 0x00000000032d6ff0]
Event: 2.674 Thread 0x00000000177f2000 2120       3       java.lang.Class::copyConstructors (38 bytes)
Event: 2.676 Thread 0x00000000177f2000 nmethod 2120 0x00000000032d7050 code [0x00000000032d7260, 0x00000000032d7d28]

GC Heap History (8 events):
Event: 0.751 GC heap before
{Heap before GC invocations=1 (full 0):
 PSYoungGen      total 38400K, used 33280K [0x00000000d5d80000, 0x00000000d8800000, 0x0000000100000000)
  eden space 33280K, 100% used [0x00000000d5d80000,0x00000000d7e00000,0x00000000d7e00000)
  from space 5120K, 0% used [0x00000000d8300000,0x00000000d8300000,0x00000000d8800000)
  to   space 5120K, 0% used [0x00000000d7e00000,0x00000000d7e00000,0x00000000d8300000)
 ParOldGen       total 87552K, used 0K [0x0000000081800000, 0x0000000086d80000, 0x00000000d5d80000)
  object space 87552K, 0% used [0x0000000081800000,0x0000000081800000,0x0000000086d80000)
 Metaspace       used 10042K, capacity 10288K, committed 10496K, reserved 1058816K
  class space    used 1109K, capacity 1182K, committed 1280K, reserved 1048576K
Event: 0.759 GC heap after
Heap after GC invocations=1 (full 0):
 PSYoungGen      total 38400K, used 5117K [0x00000000d5d80000, 0x00000000da880000, 0x0000000100000000)
  eden space 33280K, 0% used [0x00000000d5d80000,0x00000000d5d80000,0x00000000d7e00000)
  from space 5120K, 99% used [0x00000000d7e00000,0x00000000d82ff760,0x00000000d8300000)
  to   space 5120K, 0% used [0x00000000da380000,0x00000000da380000,0x00000000da880000)
 ParOldGen       total 87552K, used 2695K [0x0000000081800000, 0x0000000086d80000, 0x00000000d5d80000)
  object space 87552K, 3% used [0x0000000081800000,0x0000000081aa1ca0,0x0000000086d80000)
 Metaspace       used 10042K, capacity 10288K, committed 10496K, reserved 1058816K
  class space    used 1109K, capacity 1182K, committed 1280K, reserved 1048576K
}
Event: 1.313 GC heap before
{Heap before GC invocations=2 (full 0):
 PSYoungGen      total 38400K, used 38397K [0x00000000d5d80000, 0x00000000da880000, 0x0000000100000000)
  eden space 33280K, 100% used [0x00000000d5d80000,0x00000000d7e00000,0x00000000d7e00000)
  from space 5120K, 99% used [0x00000000d7e00000,0x00000000d82ff760,0x00000000d8300000)
  to   space 5120K, 0% used [0x00000000da380000,0x00000000da380000,0x00000000da880000)
 ParOldGen       total 87552K, used 2695K [0x0000000081800000, 0x0000000086d80000, 0x00000000d5d80000)
  object space 87552K, 3% used [0x0000000081800000,0x0000000081aa1ca0,0x0000000086d80000)
 Metaspace       used 16235K, capacity 16556K, committed 16640K, reserved 1064960K
  class space    used 1911K, capacity 1990K, committed 2048K, reserved 1048576K
Event: 1.325 GC heap after
Heap after GC invocations=2 (full 0):
 PSYoungGen      total 71680K, used 5104K [0x00000000d5d80000, 0x00000000da880000, 0x0000000100000000)
  eden space 66560K, 0% used [0x00000000d5d80000,0x00000000d5d80000,0x00000000d9e80000)
  from space 5120K, 99% used [0x00000000da380000,0x00000000da87c0c0,0x00000000da880000)
  to   space 5120K, 0% used [0x00000000d9e80000,0x00000000d9e80000,0x00000000da380000)
 ParOldGen       total 87552K, used 7656K [0x0000000081800000, 0x0000000086d80000, 0x00000000d5d80000)
  object space 87552K, 8% used [0x0000000081800000,0x0000000081f7a1d0,0x0000000086d80000)
 Metaspace       used 16235K, capacity 16556K, committed 16640K, reserved 1064960K
  class space    used 1911K, capacity 1990K, committed 2048K, reserved 1048576K
}
Event: 1.623 GC heap before
{Heap before GC invocations=3 (full 0):
 PSYoungGen      total 71680K, used 21543K [0x00000000d5d80000, 0x00000000da880000, 0x0000000100000000)
  eden space 66560K, 24% used [0x00000000d5d80000,0x00000000d6d8ded8,0x00000000d9e80000)
  from space 5120K, 99% used [0x00000000da380000,0x00000000da87c0c0,0x00000000da880000)
  to   space 5120K, 0% used [0x00000000d9e80000,0x00000000d9e80000,0x00000000da380000)
 ParOldGen       total 87552K, used 7656K [0x0000000081800000, 0x0000000086d80000, 0x00000000d5d80000)
  object space 87552K, 8% used [0x0000000081800000,0x0000000081f7a1d0,0x0000000086d80000)
 Metaspace       used 20783K, capacity 21186K, committed 21296K, reserved 1069056K
  class space    used 2483K, capacity 2661K, committed 2688K, reserved 1048576K
Event: 1.632 GC heap after
Heap after GC invocations=3 (full 0):
 PSYoungGen      total 71680K, used 5101K [0x00000000d5d80000, 0x00000000da880000, 0x0000000100000000)
  eden space 66560K, 0% used [0x00000000d5d80000,0x00000000d5d80000,0x00000000d9e80000)
  from space 5120K, 99% used [0x00000000d9e80000,0x00000000da37b5d8,0x00000000da380000)
  to   space 5120K, 0% used [0x00000000da380000,0x00000000da380000,0x00000000da880000)
 ParOldGen       total 87552K, used 11218K [0x0000000081800000, 0x0000000086d80000, 0x00000000d5d80000)
  object space 87552K, 12% used [0x0000000081800000,0x00000000822f4930,0x0000000086d80000)
 Metaspace       used 20783K, capacity 21186K, committed 21296K, reserved 1069056K
  class space    used 2483K, capacity 2661K, committed 2688K, reserved 1048576K
}
Event: 1.632 GC heap before
{Heap before GC invocations=4 (full 1):
 PSYoungGen      total 71680K, used 5101K [0x00000000d5d80000, 0x00000000da880000, 0x0000000100000000)
  eden space 66560K, 0% used [0x00000000d5d80000,0x00000000d5d80000,0x00000000d9e80000)
  from space 5120K, 99% used [0x00000000d9e80000,0x00000000da37b5d8,0x00000000da380000)
  to   space 5120K, 0% used [0x00000000da380000,0x00000000da380000,0x00000000da880000)
 ParOldGen       total 87552K, used 11218K [0x0000000081800000, 0x0000000086d80000, 0x00000000d5d80000)
  object space 87552K, 12% used [0x0000000081800000,0x00000000822f4930,0x0000000086d80000)
 Metaspace       used 20783K, capacity 21186K, committed 21296K, reserved 1069056K
  class space    used 2483K, capacity 2661K, committed 2688K, reserved 1048576K
Event: 1.670 GC heap after
Heap after GC invocations=4 (full 1):
 PSYoungGen      total 71680K, used 0K [0x00000000d5d80000, 0x00000000da880000, 0x0000000100000000)
  eden space 66560K, 0% used [0x00000000d5d80000,0x00000000d5d80000,0x00000000d9e80000)
  from space 5120K, 0% used [0x00000000d9e80000,0x00000000d9e80000,0x00000000da380000)
  to   space 5120K, 0% used [0x00000000da380000,0x00000000da380000,0x00000000da880000)
 ParOldGen       total 65536K, used 8512K [0x0000000081800000, 0x0000000085800000, 0x00000000d5d80000)
  object space 65536K, 12% used [0x0000000081800000,0x0000000082050158,0x0000000085800000)
 Metaspace       used 20783K, capacity 21186K, committed 21296K, reserved 1069056K
  class space    used 2483K, capacity 2661K, committed 2688K, reserved 1048576K
}

Deoptimization events (10 events):
Event: 2.195 Thread 0x0000000002b98800 Uncommon trap: reason=class_check action=maybe_recompile pc=0x0000000003211868 method=org.jetbrains.kotlin.protobuf.CodedInputStream.tryRefillBuffer(I)Z @ 177
Event: 2.197 Thread 0x0000000002b98800 Uncommon trap: reason=bimorphic action=maybe_recompile pc=0x00000000031b3ae4 method=java.util.AbstractList$Itr.hasNext()Z @ 8
Event: 2.197 Thread 0x0000000002b98800 Uncommon trap: reason=bimorphic action=maybe_recompile pc=0x00000000031b3ae4 method=java.util.AbstractList$Itr.hasNext()Z @ 8
Event: 2.198 Thread 0x0000000002b98800 Uncommon trap: reason=bimorphic action=maybe_recompile pc=0x00000000031bd3a4 method=java.util.AbstractList$Itr.next()Ljava/lang/Object; @ 14
Event: 2.198 Thread 0x0000000002b98800 Uncommon trap: reason=bimorphic action=maybe_recompile pc=0x00000000031b3ae4 method=java.util.AbstractList$Itr.hasNext()Z @ 8
Event: 2.199 Thread 0x0000000002b98800 Uncommon trap: reason=bimorphic action=maybe_recompile pc=0x00000000031b3ae4 method=java.util.AbstractList$Itr.hasNext()Z @ 8
Event: 2.199 Thread 0x0000000002b98800 Uncommon trap: reason=bimorphic action=maybe_recompile pc=0x00000000031bd3a4 method=java.util.AbstractList$Itr.next()Ljava/lang/Object; @ 14
Event: 2.199 Thread 0x0000000002b98800 Uncommon trap: reason=bimorphic action=maybe_recompile pc=0x00000000031bd3a4 method=java.util.AbstractList$Itr.next()Ljava/lang/Object; @ 14
Event: 2.199 Thread 0x0000000002b98800 Uncommon trap: reason=bimorphic action=maybe_recompile pc=0x00000000031bd3a4 method=java.util.AbstractList$Itr.next()Ljava/lang/Object; @ 14
Event: 2.402 Thread 0x0000000002b98800 Uncommon trap: reason=range_check action=make_not_entrant pc=0x0000000003056ca0 method=sun.reflect.generics.parser.SignatureParser.current()C @ 34

Classes redefined (0 events):
No events

Internal exceptions (10 events):
Event: 2.567 Thread 0x0000000002b98800 Exception <a 'java/lang/ArrayIndexOutOfBoundsException'> (0x00000000d8f9bd18) thrown at [D:\src\AOSP-openjdk-cygwin\jdk8u\hotspot\src\share\vm\runtime\sharedRuntime.cpp, line 605]
Event: 2.585 Thread 0x0000000002b98800 Exception <a 'java/lang/ArrayIndexOutOfBoundsException'> (0x00000000d903da78) thrown at [D:\src\AOSP-openjdk-cygwin\jdk8u\hotspot\src\share\vm\runtime\sharedRuntime.cpp, line 605]
Event: 2.606 Thread 0x0000000002b98800 Exception <a 'java/lang/ArrayIndexOutOfBoundsException'> (0x00000000d9174ff8) thrown at [D:\src\AOSP-openjdk-cygwin\jdk8u\hotspot\src\share\vm\runtime\sharedRuntime.cpp, line 605]
Event: 2.621 Thread 0x0000000002b98800 Exception <a 'java/lang/ArrayIndexOutOfBoundsException'> (0x00000000d921e238) thrown at [D:\src\AOSP-openjdk-cygwin\jdk8u\hotspot\src\share\vm\runtime\sharedRuntime.cpp, line 605]
Event: 2.640 Thread 0x0000000002b98800 Exception <a 'java/lang/ArrayIndexOutOfBoundsException'> (0x00000000d93a1720) thrown at [D:\src\AOSP-openjdk-cygwin\jdk8u\hotspot\src\share\vm\runtime\sharedRuntime.cpp, line 605]
Event: 2.641 Thread 0x0000000002b98800 Exception <a 'java/lang/ArrayIndexOutOfBoundsException'> (0x00000000d93b21c0) thrown at [D:\src\AOSP-openjdk-cygwin\jdk8u\hotspot\src\share\vm\runtime\sharedRuntime.cpp, line 605]
Event: 2.664 Thread 0x0000000002b98800 Exception <a 'java/lang/ArrayIndexOutOfBoundsException'> (0x00000000d9542420) thrown at [D:\src\AOSP-openjdk-cygwin\jdk8u\hotspot\src\share\vm\runtime\sharedRuntime.cpp, line 605]
Event: 2.669 Thread 0x0000000002b98800 Exception <a 'java/lang/ArrayIndexOutOfBoundsException'> (0x00000000d957bfc0) thrown at [D:\src\AOSP-openjdk-cygwin\jdk8u\hotspot\src\share\vm\runtime\sharedRuntime.cpp, line 605]
Event: 2.674 Thread 0x0000000002b98800 Exception <a 'java/lang/ArrayIndexOutOfBoundsException'> (0x00000000d95dd270) thrown at [D:\src\AOSP-openjdk-cygwin\jdk8u\hotspot\src\share\vm\runtime\sharedRuntime.cpp, line 605]
Event: 2.680 Thread 0x0000000002b98800 Exception <a 'java/lang/ArrayIndexOutOfBoundsException'> (0x00000000d9602008) thrown at [D:\src\AOSP-openjdk-cygwin\jdk8u\hotspot\src\share\vm\runtime\sharedRuntime.cpp, line 605]

Events (10 events):
Event: 2.697 loading class org/jetbrains/kotlin/resolve/calls/components/ArgumentsToParametersMapper$ArgumentMapping
Event: 2.697 loading class org/jetbrains/kotlin/resolve/calls/components/ArgumentsToParametersMapper$ArgumentMapping done
Event: 2.698 loading class org/jetbrains/kotlin/resolve/calls/components/TypeArgumentsToParametersMapper$TypeArgumentsMapping
Event: 2.698 loading class org/jetbrains/kotlin/resolve/calls/components/TypeArgumentsToParametersMapper$TypeArgumentsMapping done
Event: 2.699 loading class org/jetbrains/kotlin/resolve/calls/inference/components/ConstraintIncorporator
Event: 2.699 loading class org/jetbrains/kotlin/resolve/calls/inference/components/ConstraintIncorporator done
Event: 2.700 loading class org/jetbrains/kotlin/resolve/calls/inference/components/ConstraintInjector$Context
Event: 2.700 loading class org/jetbrains/kotlin/resolve/calls/inference/components/ConstraintInjector$Context done
Event: 2.700 loading class org/jetbrains/kotlin/resolve/calls/inference/model/ConstraintPosition
Event: 2.700 loading class org/jetbrains/kotlin/resolve/calls/inference/model/ConstraintPosition done


Dynamic libraries:
0x00007ff665bb0000 - 0x00007ff665be1000 	C:\Program Files\Android\Android Studio\jre\jre\bin\java.exe
0x00007ffb31b00000 - 0x00007ffb31cf0000 	C:\WINDOWS\SYSTEM32\ntdll.dll
0x00007ffb30cf0000 - 0x00007ffb30da2000 	C:\WINDOWS\System32\KERNEL32.DLL
0x00007ffb2ebb0000 - 0x00007ffb2ee53000 	C:\WINDOWS\System32\KERNELBASE.dll
0x00007ffb30f50000 - 0x00007ffb30ff3000 	C:\WINDOWS\System32\ADVAPI32.dll
0x00007ffb310b0000 - 0x00007ffb3114e000 	C:\WINDOWS\System32\msvcrt.dll
0x00007ffb31320000 - 0x00007ffb313b7000 	C:\WINDOWS\System32\sechost.dll
0x00007ffb30dd0000 - 0x00007ffb30ef0000 	C:\WINDOWS\System32\RPCRT4.dll
0x00007ffb317d0000 - 0x00007ffb31963000 	C:\WINDOWS\System32\USER32.dll
0x00007ffb2f1a0000 - 0x00007ffb2f1c1000 	C:\WINDOWS\System32\win32u.dll
0x00007ffb319f0000 - 0x00007ffb31a16000 	C:\WINDOWS\System32\GDI32.dll
0x00007ffb2efa0000 - 0x00007ffb2f134000 	C:\WINDOWS\System32\gdi32full.dll
0x00007ffb2ef00000 - 0x00007ffb2ef9e000 	C:\WINDOWS\System32\msvcp_win.dll
0x00007ffb2ea60000 - 0x00007ffb2eb5a000 	C:\WINDOWS\System32\ucrtbase.dll
0x00007ffb1d140000 - 0x00007ffb1d3c5000 	C:\WINDOWS\WinSxS\amd64_microsoft.windows.common-controls_6595b64144ccf1df_6.0.18362.295_none_e6c3acbd13101292\COMCTL32.dll
0x00007ffb313c0000 - 0x00007ffb316f6000 	C:\WINDOWS\System32\combase.dll
0x00007ffb2ee60000 - 0x00007ffb2eee0000 	C:\WINDOWS\System32\bcryptPrimitives.dll
0x00007ffb2fb80000 - 0x00007ffb2fbae000 	C:\WINDOWS\System32\IMM32.DLL
0x000000006c940000 - 0x000000006ca12000 	C:\Program Files\Android\Android Studio\jre\jre\bin\msvcr100.dll
0x000000006b760000 - 0x000000006bfa6000 	C:\Program Files\Android\Android Studio\jre\jre\bin\server\jvm.dll
0x00007ffb2fbb0000 - 0x00007ffb2fbb8000 	C:\WINDOWS\System32\PSAPI.DLL
0x00007ffb295d0000 - 0x00007ffb295da000 	C:\WINDOWS\SYSTEM32\VERSION.dll
0x00007ffb230c0000 - 0x00007ffb230c9000 	C:\WINDOWS\SYSTEM32\WSOCK32.dll
0x00007ffb2ae10000 - 0x00007ffb2ae34000 	C:\WINDOWS\SYSTEM32\WINMM.dll
0x00007ffb30c70000 - 0x00007ffb30cdf000 	C:\WINDOWS\System32\WS2_32.dll
0x00007ffb2ade0000 - 0x00007ffb2ae0d000 	C:\WINDOWS\SYSTEM32\winmmbase.dll
0x00007ffb2eb60000 - 0x00007ffb2ebaa000 	C:\WINDOWS\System32\cfgmgr32.dll
0x00007ffb24b60000 - 0x00007ffb24b6f000 	C:\Program Files\Android\Android Studio\jre\jre\bin\verify.dll
0x00007ffb23870000 - 0x00007ffb23899000 	C:\Program Files\Android\Android Studio\jre\jre\bin\java.dll
0x00007ffb24a80000 - 0x00007ffb24a96000 	C:\Program Files\Android\Android Studio\jre\jre\bin\zip.dll
0x00007ffb30580000 - 0x00007ffb30c62000 	C:\WINDOWS\System32\SHELL32.dll
0x00007ffb304d0000 - 0x00007ffb30579000 	C:\WINDOWS\System32\shcore.dll
0x00007ffb2f1d0000 - 0x00007ffb2f94c000 	C:\WINDOWS\System32\windows.storage.dll
0x00007ffb2ea40000 - 0x00007ffb2ea5f000 	C:\WINDOWS\System32\profapi.dll
0x00007ffb2e9d0000 - 0x00007ffb2ea1a000 	C:\WINDOWS\System32\powrprof.dll
0x00007ffb2e9a0000 - 0x00007ffb2e9b0000 	C:\WINDOWS\System32\UMPDC.dll
0x00007ffb31150000 - 0x00007ffb311a2000 	C:\WINDOWS\System32\shlwapi.dll
0x00007ffb2e9b0000 - 0x00007ffb2e9c1000 	C:\WINDOWS\System32\kernel.appcore.dll
0x00007ffb2eee0000 - 0x00007ffb2eef7000 	C:\WINDOWS\System32\cryptsp.dll
0x00007ffb23470000 - 0x00007ffb2348a000 	C:\Program Files\Android\Android Studio\jre\jre\bin\net.dll
0x00007ffb2e1b0000 - 0x00007ffb2e217000 	C:\WINDOWS\system32\mswsock.dll
0x00007ffb23270000 - 0x00007ffb23281000 	C:\Program Files\Android\Android Studio\jre\jre\bin\nio.dll

VM Arguments:
java_command: org.jetbrains.kotlin.cli.jvm.K2JVMCompiler -Xallow-no-source-files -classpath C:\Users\pmuny\.gradle\caches\transforms-2\files-2.1\aa7dd7c528b2c2faacfcd605ba8103ea\fuel-android-2.2.0\jars\classes.jar;C:\Users\pmuny\.gradle\caches\modules-2\files-2.1\org.jetbrains.kotlin\kotlin-android-extensions-runtime\1.3.50\bec16087637a7cafe54894e73d38037977cb30d2\kotlin-android-extensions-runtime-1.3.50.jar;C:\Users\pmuny\.gradle\caches\modules-2\files-2.1\org.jetbrains.kotlin\kotlin-stdlib-jdk7\1.3.50\50ad05ea1c2595fb31b800e76db464d08d599af3\kotlin-stdlib-jdk7-1.3.50.jar;C:\Users\pmuny\.gradle\caches\transforms-2\files-2.1\6e79b837315733cc8dbae1fe66c17446\core-ktx-1.0.2\jars\classes.jar;C:\Users\pmuny\.gradle\caches\transforms-2\files-2.1\89b7e7e623dcac2a630c0c7fe3f4ac25\navigation-fragment-ktx-2.0.0\jars\classes.jar;C:\Users\pmuny\.gradle\caches\transforms-2\files-2.1\f691a5f0534c60600bda97dbcfbb25a3\navigation-ui-ktx-2.0.0\jars\classes.jar;C:\Users\pmuny\.gradle\caches\modules-2\files-2.1\com.github.kittinunf.fuel\fuel-gson\1.14.0\301e9a60a3c1d2af6e9feeead04c2d632a54f76e\fuel-gson-1.14.0.jar;C:\Users\pmuny\.gradle\caches\transforms-2\files-2.1\338e6400386e3410d57cb8c6492d316e\navigation-runtime-ktx-2.0.0\jars\classes.jar;C:\Users\pmuny\.gradle\caches\transforms-2\files-2.1\d8167d195a558cf3e03368825532c8ce\navigation-common-ktx-2.0.0\jars\classes.jar;C:\Users\pmuny\.gradle\caches\modules-2\files-2.1\org.jetbrains.kotlin\kotlin-stdlib\1.3.50\b529d1738c7e98bbfa36a4134039528f2ce78ebf\kotlin-stdlib-1.3.50.jar;C:\Users\pmuny\.gradle\caches\modules-2\files-2.1\org.jetbrains.kotlin\kotlin-stdlib-common\1.3.50\3d9cd3e1bc7b92e95f43d45be3bfbcf38e36ab87\kotlin-stdlib-common-1.3.50.jar;C:\Users\pmuny\.gradle\caches\modules-2\files-2.1\org.jetbrains\annotations\13.0\919f0dfe192fb4e063e7dacadee7f8bb9a2672a9\annotations-13.0.jar;C:\Users\pmuny\.gradle\caches\transforms-2\files-2.1\e40fe96ebd7c11dc4574189bbb0592a9\jetified-navigation-ui-2.0.0\jars\classes.jar;C:\Users\pmuny\.g
java_class_path (initial): C:\Users\pmuny\.gradle\caches\modules-2\files-2.1\org.jetbrains.kotlin\kotlin-compiler-embeddable\1.3.50\1251c1768e5769b06c2487d6f6cf8acf6efb8960\kotlin-compiler-embeddable-1.3.50.jar;C:\Users\pmuny\.gradle\caches\modules-2\files-2.1\org.jetbrains.kotlin\kotlin-reflect\1.3.50\b499f22fd7c3e9c2e5b6c4005221fa47fc7f9a7a\kotlin-reflect-1.3.50.jar;C:\Users\pmuny\.gradle\caches\modules-2\files-2.1\org.jetbrains.kotlin\kotlin-stdlib\1.3.50\b529d1738c7e98bbfa36a4134039528f2ce78ebf\kotlin-stdlib-1.3.50.jar;C:\Users\pmuny\.gradle\caches\modules-2\files-2.1\org.jetbrains.kotlin\kotlin-script-runtime\1.3.50\59492b8dfb92522ba0ddb5dd1c4d0ef0a4fca1af\kotlin-script-runtime-1.3.50.jar;C:\Users\pmuny\.gradle\caches\modules-2\files-2.1\org.jetbrains.kotlin\kotlin-daemon-embeddable\1.3.50\5cb93bb33f4c6f833ead0beca4c831668e00cf52\kotlin-daemon-embeddable-1.3.50.jar;C:\Users\pmuny\.gradle\caches\modules-2\files-2.1\org.jetbrains.intellij.deps\trove4j\1.0.20181211\216c2e14b070f334479d800987affe4054cd563f\trove4j-1.0.20181211.jar;C:\Users\pmuny\.gradle\caches\modules-2\files-2.1\org.jetbrains.kotlin\kotlin-stdlib-common\1.3.50\3d9cd3e1bc7b92e95f43d45be3bfbcf38e36ab87\kotlin-stdlib-common-1.3.50.jar;C:\Users\pmuny\.gradle\caches\modules-2\files-2.1\org.jetbrains\annotations\13.0\919f0dfe192fb4e063e7dacadee7f8bb9a2672a9\annotations-13.0.jar;C:\Program Files\Android\Android Studio\jre\lib\tools.jar
Launcher Type: SUN_STANDARD

Environment Variables:
PATH=C:\Program Files (x86)\Common Files\Oracle\Java\javapath;C:\Program Files (x86)\Intel\iCLS Client\;C:\Program Files\Intel\iCLS Client\;C:\ProgramData\Oracle\Java\javapath;C:\WINDOWS\system32;C:\WINDOWS;C:\WINDOWS\System32\Wbem;C:\WINDOWS\System32\WindowsPowerShell\v1.0\;C:\Program Files (x86)\Intel\Intel(R) Management Engine Components\DAL;C:\Program Files\Intel\Intel(R) Management Engine Components\DAL;C:\Program Files (x86)\Intel\Intel(R) Management Engine Components\IPT;C:\Program Files\Intel\Intel(R) Management Engine Components\IPT;C:\WINDOWS\System32\OpenSSH\;C:\Users\home\AppData\Local\Microsoft\WindowsApps;C:\adb;%SystemRoot%\system32;%SystemRoot%;%SystemRoot%\System32\Wbem;%SYSTEMROOT%\System32\WindowsPowerShell\v1.0\;%SYSTEMROOT%\System32\OpenSSH\;C:\Users\pmuny\AppData\Local\Microsoft\WindowsApps;C:\Users\pmuny\AppData\Local\Programs\Git\cmd;;C:\Users\pmuny\AppData\Local\Programs\Microsoft VS Code\bin
USERNAME=pmuny
OS=Windows_NT
PROCESSOR_IDENTIFIER=Intel64 Family 6 Model 78 Stepping 3, GenuineIntel



---------------  S Y S T E M  ---------------

OS: Windows 10.0 , 64 bit Build 18362 (10.0.18362.86)

CPU:total 4 (initial active 4) (2 cores per cpu, 2 threads per core) family 6 model 78 stepping 3, cmov, cx8, fxsr, mmx, sse, sse2, sse3, ssse3, sse4.1, sse4.2, popcnt, avx, avx2, aes, clmul, erms, 3dnowpref, lzcnt, ht, tsc, tscinvbit, bmi1, bmi2, adx

Memory: 4k page, physical 8283568k(1647792k free), swap 10236336k(5660k free)

vm_info: OpenJDK 64-Bit Server VM (25.202-b03) for windows-amd64 JRE (1.8.0_202-release-1483-b03), built by "builder" with MS VC++ 10.0 (VS2010)

time: Wed Sep 04 14:17:47 2019
timezone: E. Africa Standard Time
elapsed time: 2 seconds (0d 0h 0m 2s)

