#
# There is insufficient memory for the Java Runtime Environment to continue.
# Native memory allocation (malloc) failed to allocate 769616 bytes for Chunk::new
# Possible reasons:
#   The system is out of physical RAM or swap space
#   The process is running with CompressedOops enabled, and the Java Heap may be blocking the growth of the native heap
# Possible solutions:
#   Reduce memory load on the system
#   Increase physical memory or swap space
#   Check if swap backing store is full
#   Decrease Java heap size (-Xmx/-Xms)
#   Decrease number of Java threads
#   Decrease Java thread stack sizes (-Xss)
#   Set larger code cache with -XX:ReservedCodeCacheSize=
#   JVM is running with Unscaled Compressed Oops mode in which the Java heap is
#     placed in the first 4GB address space. The Java Heap base address is the
#     maximum limit for the native heap growth. Please use -XX:HeapBaseMinAddress
#     to set the Java Heap base and to place the Java Heap above 4GB virtual address.
# This output file may be truncated or incomplete.
#
#  Out of Memory Error (allocation.cpp:389), pid=7180, tid=0x000000000000146c
#
# JRE version: OpenJDK Runtime Environment (8.0_202-b03) (build 1.8.0_202-release-1483-b03)
# Java VM: OpenJDK 64-Bit Server VM (25.202-b03 mixed mode windows-amd64 compressed oops)
# Failed to write core dump. Minidumps are not enabled by default on client versions of Windows
#

---------------  T H R E A D  ---------------

Current thread (0x0000000014e09800):  JavaThread "C2 CompilerThread0" daemon [_thread_in_native, id=5228, stack(0x0000000016460000,0x0000000016560000)]

Stack: [0x0000000016460000,0x0000000016560000]
[error occurred during error reporting (printing stack bounds), id 0xc0000005]

Native frames: (J=compiled Java code, j=interpreted, Vv=VM code, C=native code)


Current CompileTask:
C2:2479982 12720   !   4       java.net.URLClassLoader$1::run (63 bytes)


---------------  P R O C E S S  ---------------

Java Threads: ( => current thread )
  0x000000001cea4800 JavaThread "WorkerExecutor Queue Thread 5" [_thread_blocked, id=22000, stack(0x0000000022980000,0x0000000022a80000)]
  0x000000001ce9f000 JavaThread "Cache worker for Java compile cache (C:\Users\pmuny\AndroidStudioProjects\Wikipedia\.gradle\5.4.1\javaCompile)" [_thread_blocked, id=19968, stack(0x0000000023080000,0x0000000023180000)]
  0x000000001cea5000 JavaThread "Cache worker for Java compile cache (C:\Users\pmuny\.gradle\caches\5.4.1\javaCompile)" [_thread_blocked, id=20068, stack(0x00000000192b0000,0x00000000193b0000)]
  0x000000001cea1800 JavaThread "RMI TCP Connection(2)-127.0.0.1" daemon [_thread_in_native, id=18552, stack(0x0000000022d80000,0x0000000022e80000)]
  0x000000001cea0000 JavaThread "RMI Reaper" [_thread_blocked, id=18796, stack(0x0000000022c80000,0x0000000022d80000)]
  0x000000001e348800 JavaThread "RMI TCP Accept-0" daemon [_thread_in_native, id=19928, stack(0x0000000022b80000,0x0000000022c80000)]
  0x000000001e347800 JavaThread "GC Daemon" daemon [_thread_blocked, id=7800, stack(0x0000000022a80000,0x0000000022b80000)]
  0x000000001e33e800 JavaThread "RMI Scheduler(0)" daemon [_thread_blocked, id=22016, stack(0x0000000022880000,0x0000000022980000)]
  0x000000001e344800 JavaThread "WorkerExecutor Queue Thread 4" [_thread_blocked, id=6356, stack(0x0000000022380000,0x0000000022480000)]
  0x000000001e344000 JavaThread "stdout" [_thread_in_native, id=21088, stack(0x0000000022180000,0x0000000022280000)]
  0x000000001e341000 JavaThread "stderr" [_thread_in_native, id=8140, stack(0x0000000022080000,0x0000000022180000)]
  0x000000001e343000 JavaThread "stdout" [_thread_in_native, id=11316, stack(0x0000000021f80000,0x0000000022080000)]
  0x000000001e341800 JavaThread "stderr" [_thread_in_native, id=14956, stack(0x0000000021e80000,0x0000000021f80000)]
  0x000000001e347000 JavaThread "stdout" [_thread_in_native, id=21944, stack(0x0000000021d80000,0x0000000021e80000)]
  0x000000001e342800 JavaThread "stderr" [_thread_in_native, id=7164, stack(0x0000000021c80000,0x0000000021d80000)]
  0x000000001e339800 JavaThread "pool-3-thread-1" [_thread_blocked, id=4396, stack(0x0000000021b80000,0x0000000021c80000)]
  0x000000001e340000 JavaThread "WorkerExecutor Queue Thread 3" [_thread_blocked, id=21748, stack(0x0000000021a80000,0x0000000021b80000)]
  0x000000001e33f800 JavaThread "WorkerExecutor Queue Thread 2" [_thread_in_native, id=18972, stack(0x0000000021980000,0x0000000021a80000)]
  0x000000001e33e000 JavaThread "WorkerExecutor Queue" [_thread_blocked, id=6200, stack(0x0000000021880000,0x0000000021980000)]
  0x000000001e33b000 JavaThread "Cache worker for execution history cache (C:\Users\pmuny\AndroidStudioProjects\Wikipedia\.gradle\5.4.1\executionHistory)" [_thread_blocked, id=4704, stack(0x0000000021580000,0x0000000021680000)]
  0x000000001e33a000 JavaThread "Execution worker for ':' Thread 3" [_thread_blocked, id=15892, stack(0x0000000021480000,0x0000000021580000)]
  0x000000001b383800 JavaThread "Execution worker for ':' Thread 2" [_thread_blocked, id=18692, stack(0x0000000021380000,0x0000000021480000)]
  0x000000001b382800 JavaThread "Execution worker for ':'" [_thread_blocked, id=7844, stack(0x0000000020e80000,0x0000000020f80000)]
  0x000000001b380800 JavaThread "Cache worker for file content cache (C:\Users\pmuny\AndroidStudioProjects\Wikipedia\.gradle\5.4.1\fileContent)" [_thread_blocked, id=6352, stack(0x0000000020d80000,0x0000000020e80000)]
  0x000000001b385000 JavaThread "Cache worker for file content cache (C:\Users\pmuny\.gradle\caches\5.4.1\fileContent)" [_thread_blocked, id=5368, stack(0x0000000020c80000,0x0000000020d80000)]
  0x000000001b386800 JavaThread "Cache worker for Build Output Cleanup Cache (C:\Users\pmuny\AndroidStudioProjects\Wikipedia\.gradle\buildOutputCleanup)" [_thread_blocked, id=2400, stack(0x0000000020910000,0x0000000020a10000)]
  0x000000001b382000 JavaThread "Build operations Thread 4" [_thread_blocked, id=20772, stack(0x000000001fa10000,0x000000001fb10000)]
  0x000000001b384000 JavaThread "Build operations Thread 3" [_thread_blocked, id=18328, stack(0x000000001f310000,0x000000001f410000)]
  0x000000001b387000 JavaThread "Build operations Thread 2" [_thread_blocked, id=11392, stack(0x000000001dac0000,0x000000001dbc0000)]
  0x000000001b385800 JavaThread "Build operations" [_thread_blocked, id=1016, stack(0x000000001d9c0000,0x000000001dac0000)]
  0x000000001b381000 JavaThread "Cache worker for cache directory md-rule (C:\Users\pmuny\.gradle\caches\5.4.1\md-rule)" [_thread_blocked, id=15632, stack(0x000000001d8c0000,0x000000001d9c0000)]
  0x0000000017507800 JavaThread "Cache worker for cache directory md-supplier (C:\Users\pmuny\.gradle\caches\5.4.1\md-supplier)" [_thread_blocked, id=21032, stack(0x000000001d7c0000,0x000000001d8c0000)]
  0x000000001750d800 JavaThread "Cache worker for file hash cache (C:\Users\pmuny\AndroidStudioProjects\Wikipedia\.gradle\5.4.1\fileHashes)" [_thread_blocked, id=5312, stack(0x000000001ac80000,0x000000001ad80000)]
  0x000000001750c800 JavaThread "Thread-32" [_thread_blocked, id=10496, stack(0x00000000194b0000,0x00000000195b0000)]
  0x00000000170a3000 JavaThread "Asynchronous log dispatcher for DefaultDaemonConnection: socket connection from /127.0.0.1:54725 to /127.0.0.1:55792" [_thread_blocked, id=16600, stack(0x00000000191b0000,0x00000000192b0000)]
  0x00000000170a2000 JavaThread "Daemon worker Thread 2" [_thread_blocked, id=18668, stack(0x00000000190b0000,0x00000000191b0000)]
  0x00000000170a6000 JavaThread "Cancel handler" [_thread_blocked, id=7232, stack(0x0000000018db0000,0x0000000018eb0000)]
  0x00000000170a1800 JavaThread "Handler for socket connection from /127.0.0.1:54725 to /127.0.0.1:55792" [_thread_in_native, id=3536, stack(0x0000000000b20000,0x0000000000c20000)]
  0x00000000170a0800 JavaThread "Daemon Thread 2" [_thread_blocked, id=18648, stack(0x0000000000a20000,0x0000000000b20000)]
  0x00000000170a5000 JavaThread "Memory manager" [_thread_blocked, id=15348, stack(0x00000000193b0000,0x00000000194b0000)]
  0x00000000170a0000 JavaThread "Cache worker for execution history cache (C:\Users\pmuny\.gradle\caches\5.4.1\executionHistory)" [_thread_blocked, id=21604, stack(0x000000001dbc0000,0x000000001dcc0000)]
  0x000000001750a800 JavaThread "Cache worker for journal cache (C:\Users\pmuny\.gradle\caches\journal-1)" [_thread_blocked, id=19200, stack(0x00000000197b0000,0x00000000198b0000)]
  0x0000000017508000 JavaThread "File lock request listener" [_thread_in_native, id=21324, stack(0x00000000196b0000,0x00000000197b0000)]
  0x0000000017384000 JavaThread "Cache worker for file hash cache (C:\Users\pmuny\.gradle\caches\5.4.1\fileHashes)" [_thread_blocked, id=21304, stack(0x00000000195b0000,0x00000000196b0000)]
  0x000000001680d800 JavaThread "Daemon periodic checks" [_thread_blocked, id=15476, stack(0x0000000018cb0000,0x0000000018db0000)]
  0x0000000017bf3000 JavaThread "Incoming local TCP Connector on port 54725" [_thread_in_native, id=10028, stack(0x0000000018a70000,0x0000000018b70000)]
  0x00000000169bc800 JavaThread "Daemon health stats" [_thread_blocked, id=8716, stack(0x0000000000920000,0x0000000000a20000)]
  0x0000000014e6e800 JavaThread "Service Thread" daemon [_thread_blocked, id=6952, stack(0x0000000016b60000,0x0000000016c60000)]
  0x0000000014e1b800 JavaThread "C1 CompilerThread2" daemon [_thread_blocked, id=5400, stack(0x0000000016660000,0x0000000016760000)]
  0x0000000014e0d800 JavaThread "C2 CompilerThread1" daemon [_thread_in_native, id=22452, stack(0x0000000016560000,0x0000000016660000)]
=>0x0000000014e09800 JavaThread "C2 CompilerThread0" daemon [_thread_in_native, id=5228, stack(0x0000000016460000,0x0000000016560000)]
  0x0000000014e17000 JavaThread "Attach Listener" daemon [_thread_blocked, id=21652, stack(0x0000000016360000,0x0000000016460000)]
  0x0000000014e16000 JavaThread "Signal Dispatcher" daemon [_thread_blocked, id=19664, stack(0x0000000016260000,0x0000000016360000)]
  0x000000000273c000 JavaThread "Finalizer" daemon [_thread_blocked, id=4408, stack(0x0000000016060000,0x0000000016160000)]
  0x0000000014df9000 JavaThread "Reference Handler" daemon [_thread_blocked, id=6600, stack(0x0000000015f60000,0x0000000016060000)]
  0x0000000000c8e000 JavaThread "main" [_thread_blocked, id=19312, stack(0x0000000002540000,0x0000000002640000)]

Other Threads:
  0x0000000014dd6000 VMThread [stack: 0x0000000015e60000,0x0000000015f60000] [id=12516]
  0x0000000016781800 WatcherThread [stack: 0x0000000016c60000,0x0000000016d60000] [id=21344]

VM state:not at safepoint (normal execution)

VM Mutex/Monitor currently owned by a thread: None

heap address: 0x00000000c0000000, size: 1024 MB, Compressed Oops mode: 32-bit
Narrow klass base: 0x0000000000000000, Narrow klass shift: 3
Compressed class space size: 1073741824 Address: 0x0000000100000000

Heap:
 PSYoungGen      total 41472K, used 11003K [0x00000000eab00000, 0x00000000ee800000, 0x0000000100000000)
  eden space 24576K, 35% used [0x00000000eab00000,0x00000000eb392ef0,0x00000000ec300000)
  from space 16896K, 13% used [0x00000000ec300000,0x00000000ec52c050,0x00000000ed380000)
  to   space 16384K, 0% used [0x00000000ed800000,0x00000000ed800000,0x00000000ee800000)
 ParOldGen       total 97280K, used 63444K [0x00000000c0000000, 0x00000000c5f00000, 0x00000000eab00000)
  object space 97280K, 65% used [0x00000000c0000000,0x00000000c3df5360,0x00000000c5f00000)
 Metaspace       used 78966K, capacity 81316K, committed 81752K, reserved 1120256K
  class space    used 10277K, capacity 10793K, committed 10880K, reserved 1048576K

Card table byte_map: [0x0000000011b00000,0x0000000011d10000] byte_map_base: 0x0000000011500000

Marking Bits: (ParMarkBitMap*) 0x000000006bf29f30
 Begin Bits: [0x0000000012270000, 0x0000000013270000)
 End Bits:   [0x0000000013270000, 0x0000000014270000)

Polling page: 0x0000000000810000

CodeCache: size=245760Kb used=35664Kb max_used=35682Kb free=210095Kb
 bounds [0x0000000002740000, 0x0000000004a50000, 0x0000000011740000]
 total_blobs=11677 nmethods=10815 adapters=775
 compilation: enabled

Compilation events (10 events):
Event: 2479.777 Thread 0x0000000014e1b800 12717       3       sun.nio.fs.WindowsPathParser::isSlash (18 bytes)
Event: 2479.777 Thread 0x0000000014e1b800 nmethod 12717 0x00000000042c1690 code [0x00000000042c17e0, 0x00000000042c19b0]
Event: 2479.777 Thread 0x0000000014e1b800 12716       3       java.lang.invoke.BoundMethodHandle$Species_L::make (11 bytes)
Event: 2479.777 Thread 0x0000000014e1b800 nmethod 12716 0x00000000031a8a50 code [0x00000000031a8bc0, 0x00000000031a8e28]
Event: 2479.778 Thread 0x0000000014e0d800 nmethod 12714 0x00000000049ffb50 code [0x00000000049ffce0, 0x0000000004a00208]
Event: 2479.781 Thread 0x0000000014e09800 nmethod 12704 0x0000000004a49950 code [0x0000000004a49c40, 0x0000000004a4c1c8]
Event: 2479.813 Thread 0x0000000014e0d800 12718       4       java.net.URLClassLoader$1::run (5 bytes)
Event: 2479.814 Thread 0x0000000014e09800 12719       4       java.nio.charset.CharsetDecoder::reset (11 bytes)
Event: 2479.814 Thread 0x0000000014e09800 nmethod 12719 0x000000000492e8d0 code [0x000000000492ea20, 0x000000000492eab8]
Event: 2479.820 Thread 0x0000000014e09800 12720   !   4       java.net.URLClassLoader$1::run (63 bytes)

GC Heap History (10 events):
Event: 2468.309 GC heap before
{Heap before GC invocations=53 (full 4):
 PSYoungGen      total 31232K, used 14313K [0x00000000eab00000, 0x00000000ee300000, 0x0000000100000000)
  eden space 16896K, 0% used [0x00000000eab00000,0x00000000eab00000,0x00000000ebb80000)
  from space 14336K, 99% used [0x00000000ebb80000,0x00000000ec97a620,0x00000000ec980000)
  to   space 18432K, 0% used [0x00000000ed100000,0x00000000ed100000,0x00000000ee300000)
 ParOldGen       total 66048K, used 65331K [0x00000000c0000000, 0x00000000c4080000, 0x00000000eab00000)
  object space 66048K, 98% used [0x00000000c0000000,0x00000000c3fccef0,0x00000000c4080000)
 Metaspace       used 77738K, capacity 80352K, committed 80600K, reserved 1120256K
  class space    used 10200K, capacity 10741K, committed 10752K, reserved 1048576K
Event: 2468.681 GC heap after
Heap after GC invocations=53 (full 4):
 PSYoungGen      total 31232K, used 0K [0x00000000eab00000, 0x00000000ee300000, 0x0000000100000000)
  eden space 16896K, 0% used [0x00000000eab00000,0x00000000eab00000,0x00000000ebb80000)
  from space 14336K, 0% used [0x00000000ebb80000,0x00000000ebb80000,0x00000000ec980000)
  to   space 18432K, 0% used [0x00000000ed100000,0x00000000ed100000,0x00000000ee300000)
 ParOldGen       total 97280K, used 58967K [0x00000000c0000000, 0x00000000c5f00000, 0x00000000eab00000)
  object space 97280K, 60% used [0x00000000c0000000,0x00000000c3995ee0,0x00000000c5f00000)
 Metaspace       used 77447K, capacity 79768K, committed 80600K, reserved 1120256K
  class space    used 10134K, capacity 10619K, committed 10752K, reserved 1048576K
}
Event: 2469.228 GC heap before
{Heap before GC invocations=54 (full 4):
 PSYoungGen      total 31232K, used 16896K [0x00000000eab00000, 0x00000000ee300000, 0x0000000100000000)
  eden space 16896K, 100% used [0x00000000eab00000,0x00000000ebb80000,0x00000000ebb80000)
  from space 14336K, 0% used [0x00000000ebb80000,0x00000000ebb80000,0x00000000ec980000)
  to   space 18432K, 0% used [0x00000000ed100000,0x00000000ed100000,0x00000000ee300000)
 ParOldGen       total 97280K, used 58967K [0x00000000c0000000, 0x00000000c5f00000, 0x00000000eab00000)
  object space 97280K, 60% used [0x00000000c0000000,0x00000000c3995ee0,0x00000000c5f00000)
 Metaspace       used 78192K, capacity 80472K, committed 81240K, reserved 1120256K
  class space    used 10186K, capacity 10683K, committed 10880K, reserved 1048576K
Event: 2469.238 GC heap after
Heap after GC invocations=54 (full 4):
 PSYoungGen      total 36864K, used 7776K [0x00000000eab00000, 0x00000000ee100000, 0x0000000100000000)
  eden space 20480K, 0% used [0x00000000eab00000,0x00000000eab00000,0x00000000ebf00000)
  from space 16384K, 47% used [0x00000000ed100000,0x00000000ed898010,0x00000000ee100000)
  to   space 17408K, 0% used [0x00000000ebf00000,0x00000000ebf00000,0x00000000ed000000)
 ParOldGen       total 97280K, used 58975K [0x00000000c0000000, 0x00000000c5f00000, 0x00000000eab00000)
  object space 97280K, 60% used [0x00000000c0000000,0x00000000c3997ee0,0x00000000c5f00000)
 Metaspace       used 78192K, capacity 80472K, committed 81240K, reserved 1120256K
  class space    used 10186K, capacity 10683K, committed 10880K, reserved 1048576K
}
Event: 2470.259 GC heap before
{Heap before GC invocations=55 (full 4):
 PSYoungGen      total 36864K, used 28256K [0x00000000eab00000, 0x00000000ee100000, 0x0000000100000000)
  eden space 20480K, 100% used [0x00000000eab00000,0x00000000ebf00000,0x00000000ebf00000)
  from space 16384K, 47% used [0x00000000ed100000,0x00000000ed898010,0x00000000ee100000)
  to   space 17408K, 0% used [0x00000000ebf00000,0x00000000ebf00000,0x00000000ed000000)
 ParOldGen       total 97280K, used 58975K [0x00000000c0000000, 0x00000000c5f00000, 0x00000000eab00000)
  object space 97280K, 60% used [0x00000000c0000000,0x00000000c3997ee0,0x00000000c5f00000)
 Metaspace       used 78417K, capacity 80670K, committed 81496K, reserved 1120256K
  class space    used 10190K, capacity 10684K, committed 10880K, reserved 1048576K
Event: 2470.267 GC heap after
Heap after GC invocations=55 (full 4):
 PSYoungGen      total 37888K, used 1408K [0x00000000eab00000, 0x00000000ee580000, 0x0000000100000000)
  eden space 20480K, 0% used [0x00000000eab00000,0x00000000eab00000,0x00000000ebf00000)
  from space 17408K, 8% used [0x00000000ebf00000,0x00000000ec060000,0x00000000ed000000)
  to   space 17408K, 0% used [0x00000000ed480000,0x00000000ed480000,0x00000000ee580000)
 ParOldGen       total 97280K, used 61147K [0x00000000c0000000, 0x00000000c5f00000, 0x00000000eab00000)
  object space 97280K, 62% used [0x00000000c0000000,0x00000000c3bb6fb0,0x00000000c5f00000)
 Metaspace       used 78417K, capacity 80670K, committed 81496K, reserved 1120256K
  class space    used 10190K, capacity 10684K, committed 10880K, reserved 1048576K
}
Event: 2473.162 GC heap before
{Heap before GC invocations=56 (full 4):
 PSYoungGen      total 37888K, used 21888K [0x00000000eab00000, 0x00000000ee580000, 0x0000000100000000)
  eden space 20480K, 100% used [0x00000000eab00000,0x00000000ebf00000,0x00000000ebf00000)
  from space 17408K, 8% used [0x00000000ebf00000,0x00000000ec060000,0x00000000ed000000)
  to   space 17408K, 0% used [0x00000000ed480000,0x00000000ed480000,0x00000000ee580000)
 ParOldGen       total 97280K, used 61147K [0x00000000c0000000, 0x00000000c5f00000, 0x00000000eab00000)
  object space 97280K, 62% used [0x00000000c0000000,0x00000000c3bb6fb0,0x00000000c5f00000)
 Metaspace       used 78433K, capacity 80670K, committed 81496K, reserved 1120256K
  class space    used 10191K, capacity 10684K, committed 10880K, reserved 1048576K
Event: 2473.167 GC heap after
Heap after GC invocations=56 (full 4):
 PSYoungGen      total 40448K, used 1280K [0x00000000eab00000, 0x00000000ee400000, 0x0000000100000000)
  eden space 24576K, 0% used [0x00000000eab00000,0x00000000eab00000,0x00000000ec300000)
  from space 15872K, 8% used [0x00000000ed480000,0x00000000ed5c0000,0x00000000ee400000)
  to   space 16896K, 0% used [0x00000000ec300000,0x00000000ec300000,0x00000000ed380000)
 ParOldGen       total 97280K, used 62268K [0x00000000c0000000, 0x00000000c5f00000, 0x00000000eab00000)
  object space 97280K, 64% used [0x00000000c0000000,0x00000000c3ccf340,0x00000000c5f00000)
 Metaspace       used 78433K, capacity 80670K, committed 81496K, reserved 1120256K
  class space    used 10191K, capacity 10684K, committed 10880K, reserved 1048576K
}
Event: 2479.650 GC heap before
{Heap before GC invocations=57 (full 4):
 PSYoungGen      total 40448K, used 25856K [0x00000000eab00000, 0x00000000ee400000, 0x0000000100000000)
  eden space 24576K, 100% used [0x00000000eab00000,0x00000000ec300000,0x00000000ec300000)
  from space 15872K, 8% used [0x00000000ed480000,0x00000000ed5c0000,0x00000000ee400000)
  to   space 16896K, 0% used [0x00000000ec300000,0x00000000ec300000,0x00000000ed380000)
 ParOldGen       total 97280K, used 62268K [0x00000000c0000000, 0x00000000c5f00000, 0x00000000eab00000)
  object space 97280K, 64% used [0x00000000c0000000,0x00000000c3ccf340,0x00000000c5f00000)
 Metaspace       used 78674K, capacity 80998K, committed 81752K, reserved 1120256K
  class space    used 10229K, capacity 10738K, committed 10880K, reserved 1048576K
Event: 2479.655 GC heap after
Heap after GC invocations=57 (full 4):
 PSYoungGen      total 41472K, used 2224K [0x00000000eab00000, 0x00000000ee800000, 0x0000000100000000)
  eden space 24576K, 0% used [0x00000000eab00000,0x00000000eab00000,0x00000000ec300000)
  from space 16896K, 13% used [0x00000000ec300000,0x00000000ec52c050,0x00000000ed380000)
  to   space 16384K, 0% used [0x00000000ed800000,0x00000000ed800000,0x00000000ee800000)
 ParOldGen       total 97280K, used 63444K [0x00000000c0000000, 0x00000000c5f00000, 0x00000000eab00000)
  object space 97280K, 65% used [0x00000000c0000000,0x00000000c3df5360,0x00000000c5f00000)
 Metaspace       used 78674K, capacity 80998K, committed 81752K, reserved 1120256K
  class space    used 10229K, capacity 10738K, committed 10880K, reserved 1048576K
}

Deoptimization events (10 events):
Event: 2479.645 Thread 0x00000000170a2000 Uncommon trap: reason=array_check action=maybe_recompile pc=0x000000000376dbcc method=java.util.TimSort.binarySort([Ljava/lang/Object;IIILjava/util/Comparator;)V @ 193
Event: 2479.646 Thread 0x00000000170a2000 Uncommon trap: reason=array_check action=maybe_recompile pc=0x000000000376db08 method=java.util.TimSort.binarySort([Ljava/lang/Object;IIILjava/util/Comparator;)V @ 215
Event: 2479.708 Thread 0x000000001e33f800 Uncommon trap: reason=unstable_if action=reinterpret pc=0x00000000033b6594 method=java.util.regex.Pattern.newSlice([IIZ)Ljava/util/regex/Pattern$Node; @ 10
Event: 2479.772 Thread 0x000000001e344800 Uncommon trap: reason=unstable_if action=reinterpret pc=0x00000000049f3dd0 method=java.nio.file.FileTreeWalker.visit(Ljava/nio/file/Path;ZZ)Ljava/nio/file/FileTreeWalker$Event; @ 84
Event: 2479.772 Thread 0x000000001e33e000 Uncommon trap: reason=unstable_if action=reinterpret pc=0x00000000049f3dd0 method=java.nio.file.FileTreeWalker.visit(Ljava/nio/file/Path;ZZ)Ljava/nio/file/FileTreeWalker$Event; @ 84
Event: 2479.772 Thread 0x000000001e33f800 Uncommon trap: reason=unstable_if action=reinterpret pc=0x00000000049f3dd0 method=java.nio.file.FileTreeWalker.visit(Ljava/nio/file/Path;ZZ)Ljava/nio/file/FileTreeWalker$Event; @ 84
Event: 2479.772 Thread 0x000000001e340000 Uncommon trap: reason=unstable_if action=reinterpret pc=0x00000000049f3dd0 method=java.nio.file.FileTreeWalker.visit(Ljava/nio/file/Path;ZZ)Ljava/nio/file/FileTreeWalker$Event; @ 84
Event: 2479.775 Thread 0x000000001e340000 Uncommon trap: reason=unstable_if action=reinterpret pc=0x00000000049befac method=sun.nio.fs.WindowsPathParser.isSlash(C)Z @ 9
Event: 2479.775 Thread 0x000000001e340000 Uncommon trap: reason=unstable_if action=reinterpret pc=0x0000000002f4e430 method=sun.nio.fs.WindowsPathParser.isSlash(C)Z @ 9
Event: 2479.775 Thread 0x000000001e340000 Uncommon trap: reason=unstable_if action=reinterpret pc=0x000000000285a5f8 method=sun.nio.fs.WindowsPathParser.isSlash(C)Z @ 9

Classes redefined (0 events):
No events

Internal exceptions (10 events):
Event: 2469.815 Thread 0x000000001750c800 Exception <a 'java/lang/NoSuchMethodError': <clinit>> (0x00000000ebbf4a60) thrown at [D:\src\AOSP-openjdk-cygwin\jdk8u\hotspot\src\share\vm\prims\jni.cpp, line 1614]
Event: 2479.644 Thread 0x00000000170a2000 Exception <a 'java/lang/NoSuchMethodError': <clinit>> (0x00000000ec098258) thrown at [D:\src\AOSP-openjdk-cygwin\jdk8u\hotspot\src\share\vm\prims\jni.cpp, line 1614]
Event: 2479.645 Thread 0x00000000170a2000 Exception <a 'java/lang/NoSuchMethodError': <clinit>> (0x00000000ec0bac48) thrown at [D:\src\AOSP-openjdk-cygwin\jdk8u\hotspot\src\share\vm\prims\jni.cpp, line 1614]
Event: 2479.646 Thread 0x00000000170a2000 Exception <a 'java/lang/NoSuchMethodError': <clinit>> (0x00000000ec0d8f88) thrown at [D:\src\AOSP-openjdk-cygwin\jdk8u\hotspot\src\share\vm\prims\jni.cpp, line 1614]
Event: 2479.646 Thread 0x00000000170a2000 Exception <a 'java/lang/NoSuchMethodError': <clinit>> (0x00000000ec0dd670) thrown at [D:\src\AOSP-openjdk-cygwin\jdk8u\hotspot\src\share\vm\prims\jni.cpp, line 1614]
Event: 2479.706 Thread 0x000000001e33f800 Exception <a 'java/lang/NoSuchMethodError': java.lang.Object.lambda$and$0(Ljava/util/function/Predicate;Ljava/lang/Object;)Z> (0x00000000eab54d10) thrown at [D:\src\AOSP-openjdk-cygwin\jdk8u\hotspot\src\share\vm\interpreter\linkResolver.cpp, line 620]
Event: 2479.706 Thread 0x000000001e340000 Exception <a 'java/lang/NoSuchMethodError': java.lang.Object.lambda$and$0(Ljava/util/function/Predicate;Ljava/lang/Object;)Z> (0x00000000eb2958c8) thrown at [D:\src\AOSP-openjdk-cygwin\jdk8u\hotspot\src\share\vm\interpreter\linkResolver.cpp, line 620]
Event: 2479.707 Thread 0x000000001e33e000 Exception <a 'java/lang/NoSuchMethodError': java.lang.Object.lambda$and$0(Ljava/util/function/Predicate;Ljava/lang/Object;)Z> (0x00000000eb29ccc8) thrown at [D:\src\AOSP-openjdk-cygwin\jdk8u\hotspot\src\share\vm\interpreter\linkResolver.cpp, line 620]
Event: 2479.707 Thread 0x000000001e344800 Exception <a 'java/lang/NoSuchMethodError': java.lang.Object.lambda$and$0(Ljava/util/function/Predicate;Ljava/lang/Object;)Z> (0x00000000eb29fb58) thrown at [D:\src\AOSP-openjdk-cygwin\jdk8u\hotspot\src\share\vm\interpreter\linkResolver.cpp, line 620]
Event: 2479.772 Thread 0x000000001e33e000 Exception <a 'java/lang/NoSuchMethodError': java.lang.Object.lambda$static$0(Ljava/lang/String;)Z> (0x00000000eb2c8a20) thrown at [D:\src\AOSP-openjdk-cygwin\jdk8u\hotspot\src\share\vm\interpreter\linkResolver.cpp, line 620]

Events (10 events):
Event: 2479.905 loading class com/android/tools/r8/m/a/a/b/N0
Event: 2479.905 loading class com/android/tools/r8/m/a/a/b/N0 done
Event: 2479.906 loading class com/android/tools/r8/m/a/a/b/O0
Event: 2479.906 loading class com/android/tools/r8/m/a/a/b/O0 done
Event: 2479.906 loading class com/android/tools/r8/m/a/a/b/a
Event: 2479.906 loading class com/android/tools/r8/m/a/a/b/a done
Event: 2479.906 loading class com/android/tools/r8/m/a/a/b/H0
Event: 2479.906 loading class com/android/tools/r8/m/a/a/b/H0 done
Event: 2479.906 loading class com/android/tools/r8/e
Event: 2479.906 loading class com/android/tools/r8/e done


Dynamic libraries:
0x00007ff692200000 - 0x00007ff692231000 	C:\Program Files\Android\Android Studio\jre\bin\java.exe
0x00007ffb31b00000 - 0x00007ffb31cf0000 	C:\WINDOWS\SYSTEM32\ntdll.dll
0x00007ffb30cf0000 - 0x00007ffb30da2000 	C:\WINDOWS\System32\KERNEL32.DLL
0x00007ffb2ebb0000 - 0x00007ffb2ee53000 	C:\WINDOWS\System32\KERNELBASE.dll
0x00007ffb30f50000 - 0x00007ffb30ff3000 	C:\WINDOWS\System32\ADVAPI32.dll
0x00007ffb310b0000 - 0x00007ffb3114e000 	C:\WINDOWS\System32\msvcrt.dll
0x00007ffb31320000 - 0x00007ffb313b7000 	C:\WINDOWS\System32\sechost.dll
0x00007ffb30dd0000 - 0x00007ffb30ef0000 	C:\WINDOWS\System32\RPCRT4.dll
0x00007ffb317d0000 - 0x00007ffb31963000 	C:\WINDOWS\System32\USER32.dll
0x00007ffb2f1a0000 - 0x00007ffb2f1c1000 	C:\WINDOWS\System32\win32u.dll
0x00007ffb319f0000 - 0x00007ffb31a16000 	C:\WINDOWS\System32\GDI32.dll
0x00007ffb2efa0000 - 0x00007ffb2f134000 	C:\WINDOWS\System32\gdi32full.dll
0x00007ffb2ef00000 - 0x00007ffb2ef9e000 	C:\WINDOWS\System32\msvcp_win.dll
0x00007ffb2ea60000 - 0x00007ffb2eb5a000 	C:\WINDOWS\System32\ucrtbase.dll
0x00007ffb1d140000 - 0x00007ffb1d3c5000 	C:\WINDOWS\WinSxS\amd64_microsoft.windows.common-controls_6595b64144ccf1df_6.0.18362.295_none_e6c3acbd13101292\COMCTL32.dll
0x00007ffb313c0000 - 0x00007ffb316f6000 	C:\WINDOWS\System32\combase.dll
0x00007ffb2ee60000 - 0x00007ffb2eee0000 	C:\WINDOWS\System32\bcryptPrimitives.dll
0x00007ffb2fb80000 - 0x00007ffb2fbae000 	C:\WINDOWS\System32\IMM32.DLL
0x000000006c940000 - 0x000000006ca12000 	C:\Program Files\Android\Android Studio\jre\jre\bin\msvcr100.dll
0x000000006b760000 - 0x000000006bfa6000 	C:\Program Files\Android\Android Studio\jre\jre\bin\server\jvm.dll
0x00007ffb2fbb0000 - 0x00007ffb2fbb8000 	C:\WINDOWS\System32\PSAPI.DLL
0x00007ffb295d0000 - 0x00007ffb295da000 	C:\WINDOWS\SYSTEM32\VERSION.dll
0x00007ffb2ae10000 - 0x00007ffb2ae34000 	C:\WINDOWS\SYSTEM32\WINMM.dll
0x00007ffb230c0000 - 0x00007ffb230c9000 	C:\WINDOWS\SYSTEM32\WSOCK32.dll
0x00007ffb30c70000 - 0x00007ffb30cdf000 	C:\WINDOWS\System32\WS2_32.dll
0x00007ffb2ade0000 - 0x00007ffb2ae0d000 	C:\WINDOWS\SYSTEM32\WINMMBASE.dll
0x00007ffb2eb60000 - 0x00007ffb2ebaa000 	C:\WINDOWS\System32\cfgmgr32.dll
0x00007ffb24b60000 - 0x00007ffb24b6f000 	C:\Program Files\Android\Android Studio\jre\jre\bin\verify.dll
0x00007ffb23870000 - 0x00007ffb23899000 	C:\Program Files\Android\Android Studio\jre\jre\bin\java.dll
0x00007ffb24a80000 - 0x00007ffb24a96000 	C:\Program Files\Android\Android Studio\jre\jre\bin\zip.dll
0x00007ffb30580000 - 0x00007ffb30c62000 	C:\WINDOWS\System32\SHELL32.dll
0x00007ffb304d0000 - 0x00007ffb30579000 	C:\WINDOWS\System32\shcore.dll
0x00007ffb2f1d0000 - 0x00007ffb2f94c000 	C:\WINDOWS\System32\windows.storage.dll
0x00007ffb2ea40000 - 0x00007ffb2ea5f000 	C:\WINDOWS\System32\profapi.dll
0x00007ffb2e9d0000 - 0x00007ffb2ea1a000 	C:\WINDOWS\System32\powrprof.dll
0x00007ffb2e9a0000 - 0x00007ffb2e9b0000 	C:\WINDOWS\System32\UMPDC.dll
0x00007ffb31150000 - 0x00007ffb311a2000 	C:\WINDOWS\System32\shlwapi.dll
0x00007ffb2e9b0000 - 0x00007ffb2e9c1000 	C:\WINDOWS\System32\kernel.appcore.dll
0x00007ffb2eee0000 - 0x00007ffb2eef7000 	C:\WINDOWS\System32\cryptsp.dll
0x00007ffb23470000 - 0x00007ffb2348a000 	C:\Program Files\Android\Android Studio\jre\jre\bin\net.dll
0x00007ffb2e1b0000 - 0x00007ffb2e217000 	C:\WINDOWS\system32\mswsock.dll
0x00007ffb23270000 - 0x00007ffb23281000 	C:\Program Files\Android\Android Studio\jre\jre\bin\nio.dll
0x00007ffb22a60000 - 0x00007ffb22a86000 	C:\Users\pmuny\.gradle\native\29\windows-amd64\native-platform.dll
0x00007ffb24b50000 - 0x00007ffb24b5d000 	C:\Program Files\Android\Android Studio\jre\jre\bin\management.dll
0x00007ffb2dd20000 - 0x00007ffb2dd53000 	C:\WINDOWS\system32\rsaenh.dll
0x00007ffb2faa0000 - 0x00007ffb2fac6000 	C:\WINDOWS\System32\bcrypt.dll
0x00007ffb2e8c0000 - 0x00007ffb2e8e5000 	C:\WINDOWS\SYSTEM32\USERENV.dll
0x00007ffb2e380000 - 0x00007ffb2e38c000 	C:\WINDOWS\SYSTEM32\CRYPTBASE.dll
0x00007ffb2dec0000 - 0x00007ffb2defa000 	C:\WINDOWS\SYSTEM32\IPHLPAPI.DLL
0x00007ffb31310000 - 0x00007ffb31318000 	C:\WINDOWS\System32\NSI.dll
0x00007ffb2d2c0000 - 0x00007ffb2d2d6000 	C:\WINDOWS\SYSTEM32\dhcpcsvc6.DLL
0x00007ffb2d2a0000 - 0x00007ffb2d2bc000 	C:\WINDOWS\SYSTEM32\dhcpcsvc.DLL
0x00007ffb2df00000 - 0x00007ffb2dfca000 	C:\WINDOWS\SYSTEM32\DNSAPI.dll
0x00007ffb23710000 - 0x00007ffb2372e000 	C:\Users\pmuny\AppData\Local\Temp\native-platform5906894973653164252dir\native-platform.dll

VM Arguments:
jvm_args: -Xmx1024m -Dfile.encoding=windows-1252 -Duser.country=US -Duser.language=en -Duser.variant 
java_command: org.gradle.launcher.daemon.bootstrap.GradleDaemon 5.4.1
java_class_path (initial): C:\Users\pmuny\.gradle\wrapper\dists\gradle-5.4.1-all\3221gyojl5jsh0helicew7rwx\gradle-5.4.1\lib\gradle-launcher-5.4.1.jar
Launcher Type: SUN_STANDARD

Environment Variables:
PATH=C:\Program Files (x86)\Common Files\Oracle\Java\javapath;C:\Program Files (x86)\Intel\iCLS Client\;C:\Program Files\Intel\iCLS Client\;C:\ProgramData\Oracle\Java\javapath;C:\WINDOWS\system32;C:\WINDOWS;C:\WINDOWS\System32\Wbem;C:\WINDOWS\System32\WindowsPowerShell\v1.0\;C:\Program Files (x86)\Intel\Intel(R) Management Engine Components\DAL;C:\Program Files\Intel\Intel(R) Management Engine Components\DAL;C:\Program Files (x86)\Intel\Intel(R) Management Engine Components\IPT;C:\Program Files\Intel\Intel(R) Management Engine Components\IPT;C:\WINDOWS\System32\OpenSSH\;C:\Users\home\AppData\Local\Microsoft\WindowsApps;C:\adb;%SystemRoot%\system32;%SystemRoot%;%SystemRoot%\System32\Wbem;%SYSTEMROOT%\System32\WindowsPowerShell\v1.0\;%SYSTEMROOT%\System32\OpenSSH\;C:\Users\pmuny\AppData\Local\Microsoft\WindowsApps;C:\Users\pmuny\AppData\Local\Programs\Git\cmd;;C:\Users\pmuny\AppData\Local\Programs\Microsoft VS Code\bin
USERNAME=pmuny
OS=Windows_NT
PROCESSOR_IDENTIFIER=Intel64 Family 6 Model 78 Stepping 3, GenuineIntel



---------------  S Y S T E M  ---------------

OS: Windows 10.0 , 64 bit Build 18362 (10.0.18362.86)

CPU:total 4 (initial active 4) (2 cores per cpu, 2 threads per core) family 6 model 78 stepping 3, cmov, cx8, fxsr, mmx, sse, sse2, sse3, ssse3, sse4.1, sse4.2, popcnt, avx, avx2, aes, clmul, erms, 3dnowpref, lzcnt, ht, tsc, tscinvbit, bmi1, bmi2, adx

Memory: 4k page, physical 8283568k(1523552k free), swap 10236336k(5192k free)

vm_info: OpenJDK 64-Bit Server VM (25.202-b03) for windows-amd64 JRE (1.8.0_202-release-1483-b03), built by "builder" with MS VC++ 10.0 (VS2010)

time: Tue Sep 03 16:19:48 2019
timezone: E. Africa Standard Time
elapsed time: 2480 seconds (0d 0h 41m 20s)

